{"/Users/charrington/Code/IssueTracker/inheritance.js":{"path":"/Users/charrington/Code/IssueTracker/inheritance.js","s":{"1":1,"2":13,"3":13,"4":18,"5":13,"6":13},"b":{},"f":{"1":13},"fnMap":{"1":{"name":"(anonymous_1)","line":3,"loc":{"start":{"line":3,"column":15},"end":{"line":3,"column":40}}}},"statementMap":{"1":{"start":{"line":3,"column":0},"end":{"line":12,"column":2}},"2":{"start":{"line":4,"column":1},"end":{"line":4,"column":20}},"3":{"start":{"line":5,"column":1},"end":{"line":9,"column":2}},"4":{"start":{"line":7,"column":3},"end":{"line":7,"column":53}},"5":{"start":{"line":10,"column":1},"end":{"line":10,"column":40}},"6":{"start":{"line":11,"column":1},"end":{"line":11,"column":36}}},"branchMap":{}},"/Users/charrington/Code/IssueTracker/extensions/string.js":{"path":"/Users/charrington/Code/IssueTracker/extensions/string.js","s":{"1":1,"2":0,"3":0,"4":0,"5":0,"6":0,"7":0,"8":1,"9":0,"10":0,"11":0,"12":0,"13":0,"14":1,"15":0,"16":1,"17":0,"18":1,"19":0},"b":{"1":[0,0],"2":[0,0],"3":[0,0],"4":[0,0]},"f":{"1":0,"2":0,"3":0,"4":0,"5":0},"fnMap":{"1":{"name":"(anonymous_1)","line":2,"loc":{"start":{"line":2,"column":28},"end":{"line":2,"column":44}}},"2":{"name":"(anonymous_2)","line":12,"loc":{"start":{"line":12,"column":30},"end":{"line":12,"column":46}}},"3":{"name":"(anonymous_3)","line":21,"loc":{"start":{"line":21,"column":32},"end":{"line":21,"column":44}}},"4":{"name":"(anonymous_4)","line":25,"loc":{"start":{"line":25,"column":30},"end":{"line":25,"column":41}}},"5":{"name":"(anonymous_5)","line":29,"loc":{"start":{"line":29,"column":27},"end":{"line":29,"column":51}}}},"statementMap":{"1":{"start":{"line":2,"column":0},"end":{"line":10,"column":2}},"2":{"start":{"line":3,"column":1},"end":{"line":4,"column":15}},"3":{"start":{"line":4,"column":2},"end":{"line":4,"column":15}},"4":{"start":{"line":5,"column":1},"end":{"line":6,"column":15}},"5":{"start":{"line":6,"column":2},"end":{"line":6,"column":15}},"6":{"start":{"line":8,"column":1},"end":{"line":8,"column":54}},"7":{"start":{"line":9,"column":1},"end":{"line":9,"column":22}},"8":{"start":{"line":12,"column":0},"end":{"line":19,"column":2}},"9":{"start":{"line":13,"column":1},"end":{"line":14,"column":15}},"10":{"start":{"line":14,"column":2},"end":{"line":14,"column":15}},"11":{"start":{"line":15,"column":1},"end":{"line":16,"column":15}},"12":{"start":{"line":16,"column":2},"end":{"line":16,"column":15}},"13":{"start":{"line":18,"column":1},"end":{"line":18,"column":50}},"14":{"start":{"line":21,"column":0},"end":{"line":23,"column":2}},"15":{"start":{"line":22,"column":1},"end":{"line":22,"column":55}},"16":{"start":{"line":25,"column":0},"end":{"line":27,"column":2}},"17":{"start":{"line":26,"column":1},"end":{"line":26,"column":50}},"18":{"start":{"line":29,"column":0},"end":{"line":31,"column":2}},"19":{"start":{"line":30,"column":1},"end":{"line":30,"column":64}}},"branchMap":{"1":{"line":3,"type":"if","locations":[{"start":{"line":3,"column":1},"end":{"line":3,"column":1}},{"start":{"line":3,"column":1},"end":{"line":3,"column":1}}]},"2":{"line":5,"type":"if","locations":[{"start":{"line":5,"column":1},"end":{"line":5,"column":1}},{"start":{"line":5,"column":1},"end":{"line":5,"column":1}}]},"3":{"line":13,"type":"if","locations":[{"start":{"line":13,"column":1},"end":{"line":13,"column":1}},{"start":{"line":13,"column":1},"end":{"line":13,"column":1}}]},"4":{"line":15,"type":"if","locations":[{"start":{"line":15,"column":1},"end":{"line":15,"column":1}},{"start":{"line":15,"column":1},"end":{"line":15,"column":1}}]}}},"/Users/charrington/Code/IssueTracker/data/repositories.js":{"path":"/Users/charrington/Code/IssueTracker/data/repositories.js","s":{"1":1,"2":1,"3":1},"b":{},"f":{},"fnMap":{},"statementMap":{"1":{"start":{"line":1,"column":0},"end":{"line":1,"column":34}},"2":{"start":{"line":3,"column":0},"end":{"line":3,"column":34}},"3":{"start":{"line":4,"column":0},"end":{"line":18,"column":2}}},"branchMap":{}},"/Users/charrington/Code/IssueTracker/data/repositories/priorityRepository.js":{"path":"/Users/charrington/Code/IssueTracker/data/repositories/priorityRepository.js","s":{"1":1},"b":{},"f":{},"fnMap":{},"statementMap":{"1":{"start":{"line":1,"column":0},"end":{"line":4,"column":3}}},"branchMap":{}},"/Users/charrington/Code/IssueTracker/data/repositories/baseRepository.js":{"path":"/Users/charrington/Code/IssueTracker/data/repositories/baseRepository.js","s":{"1":1,"2":1,"3":0,"4":0,"5":0,"6":0,"7":0,"8":0,"9":0,"10":0,"11":0,"12":0,"13":0,"14":0,"15":0,"16":0,"17":0,"18":0,"19":0,"20":0,"21":0,"22":0,"23":0,"24":0,"25":0,"26":0,"27":0,"28":0,"29":0,"30":0,"31":0,"32":0,"33":0,"34":0,"35":0,"36":0,"37":0,"38":0,"39":0,"40":0,"41":0,"42":0,"43":1,"44":0,"45":0,"46":0,"47":0,"48":0},"b":{"1":[0,0],"2":[0,0],"3":[0,0],"4":[0,0],"5":[0,0],"6":[0,0],"7":[0,0],"8":[0,0],"9":[0,0],"10":[0,0],"11":[0,0],"12":[0,0]},"f":{"1":0,"2":0,"3":0,"4":0,"5":0,"6":0,"7":0,"8":0,"9":0,"10":0,"11":0,"12":0,"13":0,"14":0,"15":0},"fnMap":{"1":{"name":"(anonymous_1)","line":4,"loc":{"start":{"line":4,"column":6},"end":{"line":4,"column":17}}},"2":{"name":"(anonymous_2)","line":6,"loc":{"start":{"line":6,"column":21},"end":{"line":6,"column":47}}},"3":{"name":"(anonymous_3)","line":16,"loc":{"start":{"line":16,"column":14},"end":{"line":16,"column":36}}},"4":{"name":"(anonymous_4)","line":27,"loc":{"start":{"line":27,"column":6},"end":{"line":27,"column":37}}},"5":{"name":"(anonymous_5)","line":29,"loc":{"start":{"line":29,"column":21},"end":{"line":29,"column":47}}},"6":{"name":"(anonymous_6)","line":33,"loc":{"start":{"line":33,"column":14},"end":{"line":33,"column":34}}},"7":{"name":"(anonymous_7)","line":40,"loc":{"start":{"line":40,"column":9},"end":{"line":40,"column":40}}},"8":{"name":"(anonymous_8)","line":41,"loc":{"start":{"line":41,"column":55},"end":{"line":41,"column":70}}},"9":{"name":"(anonymous_9)","line":46,"loc":{"start":{"line":46,"column":9},"end":{"line":46,"column":25}}},"10":{"name":"(anonymous_10)","line":50,"loc":{"start":{"line":50,"column":10},"end":{"line":50,"column":33}}},"11":{"name":"(anonymous_11)","line":52,"loc":{"start":{"line":52,"column":21},"end":{"line":52,"column":47}}},"12":{"name":"(anonymous_12)","line":56,"loc":{"start":{"line":56,"column":14},"end":{"line":56,"column":34}}},"13":{"name":"(anonymous_13)","line":63,"loc":{"start":{"line":63,"column":9},"end":{"line":63,"column":22}}},"14":{"name":"(anonymous_14)","line":64,"loc":{"start":{"line":64,"column":53},"end":{"line":64,"column":70}}},"15":{"name":"_applyFilter","line":71,"loc":{"start":{"line":71,"column":0},"end":{"line":71,"column":37}}}},"statementMap":{"1":{"start":{"line":1,"column":0},"end":{"line":1,"column":34}},"2":{"start":{"line":3,"column":0},"end":{"line":69,"column":2}},"3":{"start":{"line":5,"column":2},"end":{"line":5,"column":16}},"4":{"start":{"line":6,"column":2},"end":{"line":24,"column":5}},"5":{"start":{"line":7,"column":3},"end":{"line":7,"column":31}},"6":{"start":{"line":8,"column":3},"end":{"line":9,"column":32}},"7":{"start":{"line":9,"column":4},"end":{"line":9,"column":32}},"8":{"start":{"line":10,"column":3},"end":{"line":11,"column":42}},"9":{"start":{"line":11,"column":4},"end":{"line":11,"column":42}},"10":{"start":{"line":12,"column":3},"end":{"line":13,"column":34}},"11":{"start":{"line":13,"column":4},"end":{"line":13,"column":34}},"12":{"start":{"line":14,"column":3},"end":{"line":15,"column":32}},"13":{"start":{"line":15,"column":4},"end":{"line":15,"column":32}},"14":{"start":{"line":16,"column":3},"end":{"line":23,"column":6}},"15":{"start":{"line":17,"column":4},"end":{"line":22,"column":5}},"16":{"start":{"line":18,"column":5},"end":{"line":18,"column":55}},"17":{"start":{"line":19,"column":5},"end":{"line":19,"column":17}},"18":{"start":{"line":21,"column":5},"end":{"line":21,"column":21}},"19":{"start":{"line":28,"column":2},"end":{"line":28,"column":25}},"20":{"start":{"line":29,"column":2},"end":{"line":37,"column":5}},"21":{"start":{"line":30,"column":3},"end":{"line":30,"column":38}},"22":{"start":{"line":31,"column":3},"end":{"line":32,"column":37}},"23":{"start":{"line":32,"column":4},"end":{"line":32,"column":37}},"24":{"start":{"line":33,"column":3},"end":{"line":36,"column":6}},"25":{"start":{"line":34,"column":4},"end":{"line":35,"column":23}},"26":{"start":{"line":34,"column":13},"end":{"line":34,"column":25}},"27":{"start":{"line":35,"column":9},"end":{"line":35,"column":23}},"28":{"start":{"line":41,"column":2},"end":{"line":43,"column":5}},"29":{"start":{"line":42,"column":3},"end":{"line":42,"column":18}},"30":{"start":{"line":47,"column":2},"end":{"line":47,"column":39}},"31":{"start":{"line":51,"column":2},"end":{"line":51,"column":25}},"32":{"start":{"line":52,"column":2},"end":{"line":60,"column":5}},"33":{"start":{"line":53,"column":3},"end":{"line":53,"column":44}},"34":{"start":{"line":54,"column":3},"end":{"line":55,"column":37}},"35":{"start":{"line":55,"column":4},"end":{"line":55,"column":37}},"36":{"start":{"line":56,"column":3},"end":{"line":59,"column":6}},"37":{"start":{"line":57,"column":4},"end":{"line":58,"column":23}},"38":{"start":{"line":57,"column":13},"end":{"line":57,"column":25}},"39":{"start":{"line":58,"column":9},"end":{"line":58,"column":23}},"40":{"start":{"line":64,"column":2},"end":{"line":67,"column":5}},"41":{"start":{"line":65,"column":3},"end":{"line":65,"column":26}},"42":{"start":{"line":66,"column":3},"end":{"line":66,"column":50}},"43":{"start":{"line":71,"column":0},"end":{"line":77,"column":1}},"44":{"start":{"line":72,"column":1},"end":{"line":73,"column":20}},"45":{"start":{"line":73,"column":2},"end":{"line":73,"column":20}},"46":{"start":{"line":74,"column":1},"end":{"line":75,"column":33}},"47":{"start":{"line":75,"column":2},"end":{"line":75,"column":33}},"48":{"start":{"line":76,"column":1},"end":{"line":76,"column":14}}},"branchMap":{"1":{"line":8,"type":"if","locations":[{"start":{"line":8,"column":3},"end":{"line":8,"column":3}},{"start":{"line":8,"column":3},"end":{"line":8,"column":3}}]},"2":{"line":10,"type":"if","locations":[{"start":{"line":10,"column":3},"end":{"line":10,"column":3}},{"start":{"line":10,"column":3},"end":{"line":10,"column":3}}]},"3":{"line":12,"type":"if","locations":[{"start":{"line":12,"column":3},"end":{"line":12,"column":3}},{"start":{"line":12,"column":3},"end":{"line":12,"column":3}}]},"4":{"line":14,"type":"if","locations":[{"start":{"line":14,"column":3},"end":{"line":14,"column":3}},{"start":{"line":14,"column":3},"end":{"line":14,"column":3}}]},"5":{"line":17,"type":"if","locations":[{"start":{"line":17,"column":4},"end":{"line":17,"column":4}},{"start":{"line":17,"column":4},"end":{"line":17,"column":4}}]},"6":{"line":31,"type":"if","locations":[{"start":{"line":31,"column":3},"end":{"line":31,"column":3}},{"start":{"line":31,"column":3},"end":{"line":31,"column":3}}]},"7":{"line":31,"type":"binary-expr","locations":[{"start":{"line":31,"column":7},"end":{"line":31,"column":15}},{"start":{"line":31,"column":19},"end":{"line":31,"column":33}}]},"8":{"line":34,"type":"if","locations":[{"start":{"line":34,"column":4},"end":{"line":34,"column":4}},{"start":{"line":34,"column":4},"end":{"line":34,"column":4}}]},"9":{"line":54,"type":"if","locations":[{"start":{"line":54,"column":3},"end":{"line":54,"column":3}},{"start":{"line":54,"column":3},"end":{"line":54,"column":3}}]},"10":{"line":54,"type":"binary-expr","locations":[{"start":{"line":54,"column":7},"end":{"line":54,"column":15}},{"start":{"line":54,"column":19},"end":{"line":54,"column":33}}]},"11":{"line":57,"type":"if","locations":[{"start":{"line":57,"column":4},"end":{"line":57,"column":4}},{"start":{"line":57,"column":4},"end":{"line":57,"column":4}}]},"12":{"line":72,"type":"if","locations":[{"start":{"line":72,"column":1},"end":{"line":72,"column":1}},{"start":{"line":72,"column":1},"end":{"line":72,"column":1}}]}}},"/Users/charrington/Code/IssueTracker/data/models.js":{"path":"/Users/charrington/Code/IssueTracker/data/models.js","s":{"1":1,"2":1,"3":1},"b":{},"f":{},"fnMap":{},"statementMap":{"1":{"start":{"line":1,"column":0},"end":{"line":1,"column":34}},"2":{"start":{"line":3,"column":0},"end":{"line":3,"column":28}},"3":{"start":{"line":4,"column":0},"end":{"line":18,"column":2}}},"branchMap":{}},"/Users/charrington/Code/IssueTracker/data/models/project.js":{"path":"/Users/charrington/Code/IssueTracker/data/models/project.js","s":{"1":1,"2":1,"3":1,"4":1},"b":{},"f":{},"fnMap":{},"statementMap":{"1":{"start":{"line":1,"column":0},"end":{"line":1,"column":35}},"2":{"start":{"line":2,"column":0},"end":{"line":2,"column":46}},"3":{"start":{"line":4,"column":0},"end":{"line":7,"column":3}},"4":{"start":{"line":9,"column":0},"end":{"line":9,"column":85}}},"branchMap":{}},"/Users/charrington/Code/IssueTracker/data/models/milestone.js":{"path":"/Users/charrington/Code/IssueTracker/data/models/milestone.js","s":{"1":1,"2":1,"3":1,"4":1},"b":{},"f":{},"fnMap":{},"statementMap":{"1":{"start":{"line":1,"column":0},"end":{"line":1,"column":35}},"2":{"start":{"line":2,"column":0},"end":{"line":2,"column":46}},"3":{"start":{"line":4,"column":0},"end":{"line":9,"column":3}},"4":{"start":{"line":11,"column":0},"end":{"line":11,"column":87}}},"branchMap":{}},"/Users/charrington/Code/IssueTracker/data/models/priority.js":{"path":"/Users/charrington/Code/IssueTracker/data/models/priority.js","s":{"1":1,"2":1,"3":1,"4":1,"5":1,"6":1,"7":0,"8":0,"9":0,"10":0,"11":0,"12":0},"b":{"1":[0,0]},"f":{"1":0},"fnMap":{"1":{"name":"(anonymous_1)","line":16,"loc":{"start":{"line":16,"column":17},"end":{"line":16,"column":31}}}},"statementMap":{"1":{"start":{"line":1,"column":0},"end":{"line":1,"column":35}},"2":{"start":{"line":2,"column":0},"end":{"line":2,"column":46}},"3":{"start":{"line":4,"column":0},"end":{"line":4,"column":34}},"4":{"start":{"line":6,"column":0},"end":{"line":12,"column":3}},"5":{"start":{"line":14,"column":0},"end":{"line":14,"column":74}},"6":{"start":{"line":16,"column":0},"end":{"line":24,"column":2}},"7":{"start":{"line":17,"column":1},"end":{"line":22,"column":2}},"8":{"start":{"line":18,"column":2},"end":{"line":18,"column":18}},"9":{"start":{"line":19,"column":2},"end":{"line":21,"column":2}},"10":{"start":{"line":20,"column":3},"end":{"line":21,"column":2}},"11":{"start":{"line":21,"column":2},"end":{"line":21,"column":16}},"12":{"start":{"line":23,"column":1},"end":{"line":23,"column":69}}},"branchMap":{"1":{"line":17,"type":"if","locations":[{"start":{"line":17,"column":1},"end":{"line":17,"column":1}},{"start":{"line":17,"column":1},"end":{"line":17,"column":1}}]}}},"/Users/charrington/Code/IssueTracker/data/models/status.js":{"path":"/Users/charrington/Code/IssueTracker/data/models/status.js","s":{"1":1,"2":1,"3":1,"4":1},"b":{},"f":{},"fnMap":{},"statementMap":{"1":{"start":{"line":1,"column":0},"end":{"line":1,"column":35}},"2":{"start":{"line":2,"column":0},"end":{"line":2,"column":46}},"3":{"start":{"line":4,"column":0},"end":{"line":10,"column":3}},"4":{"start":{"line":12,"column":0},"end":{"line":12,"column":84}}},"branchMap":{}},"/Users/charrington/Code/IssueTracker/data/models/issueType.js":{"path":"/Users/charrington/Code/IssueTracker/data/models/issueType.js","s":{"1":1,"2":1,"3":1,"4":1},"b":{},"f":{},"fnMap":{},"statementMap":{"1":{"start":{"line":1,"column":0},"end":{"line":1,"column":35}},"2":{"start":{"line":2,"column":0},"end":{"line":2,"column":46}},"3":{"start":{"line":4,"column":0},"end":{"line":9,"column":3}},"4":{"start":{"line":11,"column":0},"end":{"line":11,"column":88}}},"branchMap":{}},"/Users/charrington/Code/IssueTracker/data/models/audit.js":{"path":"/Users/charrington/Code/IssueTracker/data/models/audit.js","s":{"1":1,"2":1,"3":1,"4":1},"b":{},"f":{},"fnMap":{},"statementMap":{"1":{"start":{"line":1,"column":0},"end":{"line":1,"column":35}},"2":{"start":{"line":2,"column":0},"end":{"line":2,"column":46}},"3":{"start":{"line":4,"column":0},"end":{"line":12,"column":3}},"4":{"start":{"line":14,"column":0},"end":{"line":14,"column":83}}},"branchMap":{}},"/Users/charrington/Code/IssueTracker/data/models/comment.js":{"path":"/Users/charrington/Code/IssueTracker/data/models/comment.js","s":{"1":1,"2":1,"3":1,"4":1},"b":{},"f":{},"fnMap":{},"statementMap":{"1":{"start":{"line":1,"column":0},"end":{"line":1,"column":35}},"2":{"start":{"line":2,"column":0},"end":{"line":2,"column":46}},"3":{"start":{"line":4,"column":0},"end":{"line":11,"column":3}},"4":{"start":{"line":13,"column":0},"end":{"line":13,"column":85}}},"branchMap":{}},"/Users/charrington/Code/IssueTracker/data/models/issue.js":{"path":"/Users/charrington/Code/IssueTracker/data/models/issue.js","s":{"1":1,"2":1,"3":1,"4":1},"b":{},"f":{},"fnMap":{},"statementMap":{"1":{"start":{"line":1,"column":0},"end":{"line":1,"column":35}},"2":{"start":{"line":2,"column":0},"end":{"line":2,"column":46}},"3":{"start":{"line":4,"column":0},"end":{"line":30,"column":3}},"4":{"start":{"line":32,"column":0},"end":{"line":32,"column":83}}},"branchMap":{}},"/Users/charrington/Code/IssueTracker/data/models/issueAudit.js":{"path":"/Users/charrington/Code/IssueTracker/data/models/issueAudit.js","s":{"1":1,"2":1,"3":1,"4":1},"b":{},"f":{},"fnMap":{},"statementMap":{"1":{"start":{"line":1,"column":0},"end":{"line":1,"column":35}},"2":{"start":{"line":2,"column":0},"end":{"line":2,"column":46}},"3":{"start":{"line":4,"column":0},"end":{"line":10,"column":3}},"4":{"start":{"line":12,"column":0},"end":{"line":12,"column":89}}},"branchMap":{}},"/Users/charrington/Code/IssueTracker/data/models/transition.js":{"path":"/Users/charrington/Code/IssueTracker/data/models/transition.js","s":{"1":1,"2":1,"3":1,"4":1},"b":{},"f":{},"fnMap":{},"statementMap":{"1":{"start":{"line":1,"column":0},"end":{"line":1,"column":35}},"2":{"start":{"line":2,"column":0},"end":{"line":2,"column":46}},"3":{"start":{"line":4,"column":0},"end":{"line":11,"column":3}},"4":{"start":{"line":13,"column":0},"end":{"line":13,"column":88}}},"branchMap":{}},"/Users/charrington/Code/IssueTracker/data/models/user.js":{"path":"/Users/charrington/Code/IssueTracker/data/models/user.js","s":{"1":1,"2":1,"3":1,"4":1},"b":{},"f":{},"fnMap":{},"statementMap":{"1":{"start":{"line":1,"column":0},"end":{"line":1,"column":35}},"2":{"start":{"line":2,"column":0},"end":{"line":2,"column":46}},"3":{"start":{"line":4,"column":0},"end":{"line":21,"column":3}},"4":{"start":{"line":23,"column":0},"end":{"line":23,"column":82}}},"branchMap":{}},"/Users/charrington/Code/IssueTracker/data/models/issueFile.js":{"path":"/Users/charrington/Code/IssueTracker/data/models/issueFile.js","s":{"1":1,"2":1,"3":1,"4":1},"b":{},"f":{},"fnMap":{},"statementMap":{"1":{"start":{"line":1,"column":0},"end":{"line":1,"column":35}},"2":{"start":{"line":2,"column":0},"end":{"line":2,"column":46}},"3":{"start":{"line":4,"column":0},"end":{"line":11,"column":3}},"4":{"start":{"line":13,"column":0},"end":{"line":13,"column":88}}},"branchMap":{}},"/Users/charrington/Code/IssueTracker/data/models/notification.js":{"path":"/Users/charrington/Code/IssueTracker/data/models/notification.js","s":{"1":1,"2":1,"3":1,"4":1},"b":{},"f":{},"fnMap":{},"statementMap":{"1":{"start":{"line":1,"column":0},"end":{"line":1,"column":35}},"2":{"start":{"line":2,"column":0},"end":{"line":2,"column":46}},"3":{"start":{"line":4,"column":0},"end":{"line":12,"column":3}},"4":{"start":{"line":14,"column":0},"end":{"line":14,"column":90}}},"branchMap":{}},"/Users/charrington/Code/IssueTracker/data/repositories/statusRepository.js":{"path":"/Users/charrington/Code/IssueTracker/data/repositories/statusRepository.js","s":{"1":1},"b":{},"f":{},"fnMap":{},"statementMap":{"1":{"start":{"line":1,"column":0},"end":{"line":4,"column":3}}},"branchMap":{}},"/Users/charrington/Code/IssueTracker/data/repositories/issueTypeRepository.js":{"path":"/Users/charrington/Code/IssueTracker/data/repositories/issueTypeRepository.js","s":{"1":1},"b":{},"f":{},"fnMap":{},"statementMap":{"1":{"start":{"line":1,"column":0},"end":{"line":4,"column":3}}},"branchMap":{}},"/Users/charrington/Code/IssueTracker/data/repositories/projectRepository.js":{"path":"/Users/charrington/Code/IssueTracker/data/repositories/projectRepository.js","s":{"1":1},"b":{},"f":{},"fnMap":{},"statementMap":{"1":{"start":{"line":1,"column":0},"end":{"line":4,"column":3}}},"branchMap":{}},"/Users/charrington/Code/IssueTracker/data/repositories/milestoneRepository.js":{"path":"/Users/charrington/Code/IssueTracker/data/repositories/milestoneRepository.js","s":{"1":1},"b":{},"f":{},"fnMap":{},"statementMap":{"1":{"start":{"line":1,"column":0},"end":{"line":4,"column":3}}},"branchMap":{}},"/Users/charrington/Code/IssueTracker/data/repositories/auditRepository.js":{"path":"/Users/charrington/Code/IssueTracker/data/repositories/auditRepository.js","s":{"1":1},"b":{},"f":{},"fnMap":{},"statementMap":{"1":{"start":{"line":1,"column":0},"end":{"line":3,"column":3}}},"branchMap":{}},"/Users/charrington/Code/IssueTracker/data/repositories/commentRepository.js":{"path":"/Users/charrington/Code/IssueTracker/data/repositories/commentRepository.js","s":{"1":1,"2":1,"3":1,"4":1,"5":0,"6":0,"7":0,"8":0,"9":0,"10":0,"11":0,"12":1,"13":0,"14":1},"b":{"1":[0,0]},"f":{"1":0,"2":0,"3":0,"4":0,"5":0},"fnMap":{"1":{"name":"(anonymous_1)","line":8,"loc":{"start":{"line":8,"column":19},"end":{"line":8,"column":37}}},"2":{"name":"(anonymous_2)","line":10,"loc":{"start":{"line":10,"column":20},"end":{"line":10,"column":46}}},"3":{"name":"(anonymous_3)","line":11,"loc":{"start":{"line":11,"column":66},"end":{"line":11,"column":90}}},"4":{"name":"(anonymous_4)","line":15,"loc":{"start":{"line":15,"column":10},"end":{"line":15,"column":22}}},"5":{"name":"(anonymous_5)","line":20,"loc":{"start":{"line":20,"column":20},"end":{"line":20,"column":38}}}},"statementMap":{"1":{"start":{"line":1,"column":0},"end":{"line":1,"column":34}},"2":{"start":{"line":2,"column":0},"end":{"line":2,"column":43}},"3":{"start":{"line":4,"column":0},"end":{"line":6,"column":3}},"4":{"start":{"line":8,"column":0},"end":{"line":18,"column":2}},"5":{"start":{"line":9,"column":1},"end":{"line":9,"column":15}},"6":{"start":{"line":10,"column":1},"end":{"line":17,"column":4}},"7":{"start":{"line":11,"column":2},"end":{"line":14,"column":5}},"8":{"start":{"line":12,"column":3},"end":{"line":13,"column":26}},"9":{"start":{"line":12,"column":12},"end":{"line":12,"column":24}},"10":{"start":{"line":13,"column":8},"end":{"line":13,"column":26}},"11":{"start":{"line":16,"column":2},"end":{"line":16,"column":60}},"12":{"start":{"line":20,"column":0},"end":{"line":22,"column":2}},"13":{"start":{"line":21,"column":1},"end":{"line":21,"column":40}},"14":{"start":{"line":24,"column":0},"end":{"line":24,"column":28}}},"branchMap":{"1":{"line":12,"type":"if","locations":[{"start":{"line":12,"column":3},"end":{"line":12,"column":3}},{"start":{"line":12,"column":3},"end":{"line":12,"column":3}}]}}},"/Users/charrington/Code/IssueTracker/data/repositories/issueRepository.js":{"path":"/Users/charrington/Code/IssueTracker/data/repositories/issueRepository.js","s":{"1":1,"2":1,"3":1,"4":0,"5":0,"6":0,"7":0,"8":0,"9":0,"10":1,"11":0,"12":0,"13":0,"14":1,"15":0,"16":0,"17":0,"18":0,"19":0,"20":0,"21":0,"22":0,"23":0,"24":0,"25":0,"26":0,"27":0,"28":0,"29":0,"30":0,"31":0,"32":0,"33":0,"34":0,"35":0,"36":0,"37":0,"38":0,"39":1,"40":0,"41":0,"42":0,"43":0,"44":0,"45":0,"46":1,"47":0,"48":0,"49":0,"50":0,"51":0,"52":0,"53":0,"54":0,"55":1,"56":0,"57":0,"58":0,"59":0,"60":0,"61":0,"62":0,"63":1},"b":{"1":[0,0],"2":[0,0],"3":[0,0],"4":[0,0],"5":[0,0],"6":[0,0],"7":[0,0]},"f":{"1":0,"2":0,"3":0,"4":0,"5":0,"6":0,"7":0,"8":0,"9":0,"10":0,"11":0,"12":0},"fnMap":{"1":{"name":"(anonymous_1)","line":7,"loc":{"start":{"line":7,"column":20},"end":{"line":7,"column":78}}},"2":{"name":"(anonymous_2)","line":9,"loc":{"start":{"line":9,"column":20},"end":{"line":9,"column":46}}},"3":{"name":"(anonymous_3)","line":14,"loc":{"start":{"line":14,"column":9},"end":{"line":14,"column":31}}},"4":{"name":"(anonymous_4)","line":21,"loc":{"start":{"line":21,"column":20},"end":{"line":21,"column":48}}},"5":{"name":"(anonymous_5)","line":23,"loc":{"start":{"line":23,"column":76},"end":{"line":23,"column":88}}},"6":{"name":"(anonymous_6)","line":28,"loc":{"start":{"line":28,"column":20},"end":{"line":28,"column":42}}},"7":{"name":"(anonymous_7)","line":38,"loc":{"start":{"line":38,"column":11},"end":{"line":38,"column":81}}},"8":{"name":"(anonymous_8)","line":64,"loc":{"start":{"line":64,"column":27},"end":{"line":64,"column":45}}},"9":{"name":"(anonymous_9)","line":66,"loc":{"start":{"line":66,"column":20},"end":{"line":66,"column":46}}},"10":{"name":"(anonymous_10)","line":67,"loc":{"start":{"line":67,"column":47},"end":{"line":67,"column":68}}},"11":{"name":"_buildSort","line":74,"loc":{"start":{"line":74,"column":0},"end":{"line":74,"column":41}}},"12":{"name":"_applyFilters","line":85,"loc":{"start":{"line":85,"column":0},"end":{"line":85,"column":38}}}},"statementMap":{"1":{"start":{"line":1,"column":0},"end":{"line":1,"column":34}},"2":{"start":{"line":3,"column":0},"end":{"line":5,"column":3}},"3":{"start":{"line":7,"column":0},"end":{"line":19,"column":2}},"4":{"start":{"line":8,"column":1},"end":{"line":8,"column":24}},"5":{"start":{"line":9,"column":1},"end":{"line":18,"column":4}},"6":{"start":{"line":10,"column":2},"end":{"line":17,"column":6}},"7":{"start":{"line":15,"column":4},"end":{"line":16,"column":25}},"8":{"start":{"line":15,"column":13},"end":{"line":15,"column":25}},"9":{"start":{"line":16,"column":9},"end":{"line":16,"column":25}},"10":{"start":{"line":21,"column":0},"end":{"line":26,"column":2}},"11":{"start":{"line":22,"column":1},"end":{"line":22,"column":15}},"12":{"start":{"line":23,"column":1},"end":{"line":25,"column":4}},"13":{"start":{"line":24,"column":2},"end":{"line":24,"column":55}},"14":{"start":{"line":28,"column":0},"end":{"line":62,"column":2}},"15":{"start":{"line":29,"column":1},"end":{"line":29,"column":47}},"16":{"start":{"line":30,"column":1},"end":{"line":61,"column":4}},"17":{"start":{"line":39,"column":8},"end":{"line":39,"column":32}},"18":{"start":{"line":40,"column":8},"end":{"line":40,"column":36}},"19":{"start":{"line":41,"column":8},"end":{"line":41,"column":38}},"20":{"start":{"line":42,"column":8},"end":{"line":42,"column":37}},"21":{"start":{"line":43,"column":8},"end":{"line":43,"column":36}},"22":{"start":{"line":44,"column":8},"end":{"line":44,"column":42}},"23":{"start":{"line":45,"column":2},"end":{"line":45,"column":35}},"24":{"start":{"line":46,"column":8},"end":{"line":46,"column":40}},"25":{"start":{"line":47,"column":2},"end":{"line":47,"column":33}},"26":{"start":{"line":48,"column":8},"end":{"line":48,"column":45}},"27":{"start":{"line":49,"column":8},"end":{"line":49,"column":36}},"28":{"start":{"line":50,"column":2},"end":{"line":50,"column":29}},"29":{"start":{"line":51,"column":8},"end":{"line":51,"column":41}},"30":{"start":{"line":52,"column":8},"end":{"line":52,"column":32}},"31":{"start":{"line":53,"column":2},"end":{"line":53,"column":25}},"32":{"start":{"line":54,"column":8},"end":{"line":54,"column":42}},"33":{"start":{"line":55,"column":2},"end":{"line":55,"column":35}},"34":{"start":{"line":56,"column":8},"end":{"line":56,"column":36}},"35":{"start":{"line":57,"column":2},"end":{"line":57,"column":29}},"36":{"start":{"line":58,"column":8},"end":{"line":59,"column":38}},"37":{"start":{"line":59,"column":12},"end":{"line":59,"column":38}},"38":{"start":{"line":60,"column":2},"end":{"line":60,"column":42}},"39":{"start":{"line":64,"column":0},"end":{"line":72,"column":2}},"40":{"start":{"line":65,"column":1},"end":{"line":65,"column":15}},"41":{"start":{"line":66,"column":1},"end":{"line":71,"column":4}},"42":{"start":{"line":67,"column":2},"end":{"line":70,"column":5}},"43":{"start":{"line":68,"column":3},"end":{"line":69,"column":34}},"44":{"start":{"line":68,"column":12},"end":{"line":68,"column":24}},"45":{"start":{"line":69,"column":8},"end":{"line":69,"column":34}},"46":{"start":{"line":74,"column":0},"end":{"line":83,"column":1}},"47":{"start":{"line":75,"column":1},"end":{"line":78,"column":27}},"48":{"start":{"line":76,"column":2},"end":{"line":76,"column":29}},"49":{"start":{"line":77,"column":6},"end":{"line":78,"column":27}},"50":{"start":{"line":78,"column":2},"end":{"line":78,"column":27}},"51":{"start":{"line":79,"column":1},"end":{"line":79,"column":15}},"52":{"start":{"line":80,"column":1},"end":{"line":80,"column":52}},"53":{"start":{"line":81,"column":1},"end":{"line":81,"column":17}},"54":{"start":{"line":82,"column":1},"end":{"line":82,"column":13}},"55":{"start":{"line":85,"column":0},"end":{"line":93,"column":1}},"56":{"start":{"line":86,"column":1},"end":{"line":86,"column":57}},"57":{"start":{"line":87,"column":1},"end":{"line":87,"column":53}},"58":{"start":{"line":88,"column":1},"end":{"line":88,"column":58}},"59":{"start":{"line":89,"column":1},"end":{"line":89,"column":52}},"60":{"start":{"line":90,"column":1},"end":{"line":90,"column":58}},"61":{"start":{"line":91,"column":1},"end":{"line":91,"column":48}},"62":{"start":{"line":92,"column":1},"end":{"line":92,"column":14}},"63":{"start":{"line":95,"column":0},"end":{"line":95,"column":28}}},"branchMap":{"1":{"line":15,"type":"if","locations":[{"start":{"line":15,"column":4},"end":{"line":15,"column":4}},{"start":{"line":15,"column":4},"end":{"line":15,"column":4}}]},"2":{"line":58,"type":"if","locations":[{"start":{"line":58,"column":8},"end":{"line":58,"column":8}},{"start":{"line":58,"column":8},"end":{"line":58,"column":8}}]},"3":{"line":58,"type":"binary-expr","locations":[{"start":{"line":58,"column":12},"end":{"line":58,"column":25}},{"start":{"line":58,"column":29},"end":{"line":58,"column":67}}]},"4":{"line":68,"type":"if","locations":[{"start":{"line":68,"column":3},"end":{"line":68,"column":3}},{"start":{"line":68,"column":3},"end":{"line":68,"column":3}}]},"5":{"line":75,"type":"if","locations":[{"start":{"line":75,"column":1},"end":{"line":75,"column":1}},{"start":{"line":75,"column":1},"end":{"line":75,"column":1}}]},"6":{"line":77,"type":"if","locations":[{"start":{"line":77,"column":6},"end":{"line":77,"column":6}},{"start":{"line":77,"column":6},"end":{"line":77,"column":6}}]},"7":{"line":80,"type":"cond-expr","locations":[{"start":{"line":80,"column":45},"end":{"line":80,"column":46}},{"start":{"line":80,"column":49},"end":{"line":80,"column":51}}]}}},"/Users/charrington/Code/IssueTracker/data/repositories/issueAuditRepository.js":{"path":"/Users/charrington/Code/IssueTracker/data/repositories/issueAuditRepository.js","s":{"1":1,"2":1,"3":0,"4":0,"5":1},"b":{},"f":{"1":0,"2":0},"fnMap":{"1":{"name":"(anonymous_1)","line":5,"loc":{"start":{"line":5,"column":19},"end":{"line":5,"column":37}}},"2":{"name":"(anonymous_2)","line":6,"loc":{"start":{"line":6,"column":56},"end":{"line":6,"column":68}}}},"statementMap":{"1":{"start":{"line":1,"column":0},"end":{"line":3,"column":3}},"2":{"start":{"line":5,"column":0},"end":{"line":9,"column":2}},"3":{"start":{"line":6,"column":1},"end":{"line":9,"column":0}},"4":{"start":{"line":7,"column":2},"end":{"line":7,"column":63}},"5":{"start":{"line":11,"column":0},"end":{"line":11,"column":28}}},"branchMap":{}},"/Users/charrington/Code/IssueTracker/data/repositories/transitionRepository.js":{"path":"/Users/charrington/Code/IssueTracker/data/repositories/transitionRepository.js","s":{"1":1,"2":1,"3":0,"4":0,"5":1},"b":{},"f":{"1":0,"2":0},"fnMap":{"1":{"name":"(anonymous_1)","line":5,"loc":{"start":{"line":5,"column":20},"end":{"line":5,"column":39}}},"2":{"name":"(anonymous_2)","line":6,"loc":{"start":{"line":6,"column":61},"end":{"line":6,"column":73}}}},"statementMap":{"1":{"start":{"line":1,"column":0},"end":{"line":3,"column":3}},"2":{"start":{"line":5,"column":0},"end":{"line":9,"column":2}},"3":{"start":{"line":6,"column":1},"end":{"line":9,"column":0}},"4":{"start":{"line":7,"column":2},"end":{"line":7,"column":64}},"5":{"start":{"line":11,"column":0},"end":{"line":11,"column":28}}},"branchMap":{}},"/Users/charrington/Code/IssueTracker/data/repositories/userRepository.js":{"path":"/Users/charrington/Code/IssueTracker/data/repositories/userRepository.js","s":{"1":1,"2":1,"3":1,"4":0,"5":1},"b":{},"f":{"1":0},"fnMap":{"1":{"name":"(anonymous_1)","line":7,"loc":{"start":{"line":7,"column":20},"end":{"line":7,"column":35}}}},"statementMap":{"1":{"start":{"line":1,"column":0},"end":{"line":1,"column":34}},"2":{"start":{"line":3,"column":0},"end":{"line":5,"column":3}},"3":{"start":{"line":7,"column":0},"end":{"line":9,"column":2}},"4":{"start":{"line":8,"column":1},"end":{"line":8,"column":47}},"5":{"start":{"line":11,"column":0},"end":{"line":11,"column":28}}},"branchMap":{}},"/Users/charrington/Code/IssueTracker/data/repositories/issueFileRepository.js":{"path":"/Users/charrington/Code/IssueTracker/data/repositories/issueFileRepository.js","s":{"1":1,"2":1,"3":0,"4":0,"5":1},"b":{},"f":{"1":0,"2":0},"fnMap":{"1":{"name":"(anonymous_1)","line":5,"loc":{"start":{"line":5,"column":19},"end":{"line":5,"column":37}}},"2":{"name":"(anonymous_2)","line":6,"loc":{"start":{"line":6,"column":55},"end":{"line":6,"column":67}}}},"statementMap":{"1":{"start":{"line":1,"column":0},"end":{"line":3,"column":3}},"2":{"start":{"line":5,"column":0},"end":{"line":9,"column":2}},"3":{"start":{"line":6,"column":1},"end":{"line":9,"column":0}},"4":{"start":{"line":7,"column":2},"end":{"line":7,"column":62}},"5":{"start":{"line":11,"column":0},"end":{"line":11,"column":28}}},"branchMap":{}},"/Users/charrington/Code/IssueTracker/data/repositories/notificationRepository.js":{"path":"/Users/charrington/Code/IssueTracker/data/repositories/notificationRepository.js","s":{"1":1,"2":1,"3":1,"4":0,"5":0,"6":0,"7":0,"8":0,"9":0,"10":1,"11":0,"12":0,"13":0,"14":1,"15":0,"16":0,"17":0,"18":0,"19":0,"20":0,"21":1},"b":{"1":[0,0]},"f":{"1":0,"2":0,"3":0,"4":0,"5":0,"6":0,"7":0},"fnMap":{"1":{"name":"(anonymous_1)","line":7,"loc":{"start":{"line":7,"column":18},"end":{"line":7,"column":33}}},"2":{"name":"(anonymous_2)","line":9,"loc":{"start":{"line":9,"column":20},"end":{"line":9,"column":46}}},"3":{"name":"(anonymous_3)","line":10,"loc":{"start":{"line":10,"column":76},"end":{"line":10,"column":105}}},"4":{"name":"(anonymous_4)","line":17,"loc":{"start":{"line":17,"column":24},"end":{"line":17,"column":49}}},"5":{"name":"(anonymous_5)","line":18,"loc":{"start":{"line":18,"column":51},"end":{"line":18,"column":74}}},"6":{"name":"(anonymous_6)","line":24,"loc":{"start":{"line":24,"column":28},"end":{"line":24,"column":46}}},"7":{"name":"(anonymous_7)","line":26,"loc":{"start":{"line":26,"column":54},"end":{"line":26,"column":78}}}},"statementMap":{"1":{"start":{"line":1,"column":0},"end":{"line":1,"column":34}},"2":{"start":{"line":3,"column":0},"end":{"line":5,"column":3}},"3":{"start":{"line":7,"column":0},"end":{"line":15,"column":2}},"4":{"start":{"line":8,"column":1},"end":{"line":8,"column":15}},"5":{"start":{"line":9,"column":1},"end":{"line":14,"column":4}},"6":{"start":{"line":10,"column":2},"end":{"line":13,"column":5}},"7":{"start":{"line":11,"column":3},"end":{"line":12,"column":31}},"8":{"start":{"line":11,"column":12},"end":{"line":11,"column":24}},"9":{"start":{"line":12,"column":8},"end":{"line":12,"column":31}},"10":{"start":{"line":17,"column":0},"end":{"line":22,"column":2}},"11":{"start":{"line":18,"column":4},"end":{"line":21,"column":7}},"12":{"start":{"line":19,"column":8},"end":{"line":19,"column":37}},"13":{"start":{"line":20,"column":8},"end":{"line":20,"column":62}},"14":{"start":{"line":24,"column":0},"end":{"line":32,"column":2}},"15":{"start":{"line":25,"column":1},"end":{"line":25,"column":15}},"16":{"start":{"line":26,"column":1},"end":{"line":31,"column":4}},"17":{"start":{"line":27,"column":2},"end":{"line":27,"column":15}},"18":{"start":{"line":28,"column":2},"end":{"line":29,"column":66}},"19":{"start":{"line":29,"column":3},"end":{"line":29,"column":66}},"20":{"start":{"line":30,"column":2},"end":{"line":30,"column":26}},"21":{"start":{"line":34,"column":0},"end":{"line":34,"column":28}}},"branchMap":{"1":{"line":11,"type":"if","locations":[{"start":{"line":11,"column":3},"end":{"line":11,"column":3}},{"start":{"line":11,"column":3},"end":{"line":11,"column":3}}]}}},"/Users/charrington/Code/IssueTracker/authentication/authenticate.js":{"path":"/Users/charrington/Code/IssueTracker/authentication/authenticate.js","s":{"1":1,"2":1,"3":1,"4":1,"5":5,"6":4,"7":4,"8":2,"9":2,"10":2,"11":2,"12":1},"b":{"1":[2,2],"2":[4,2,1]},"f":{"1":5,"2":4,"3":1},"fnMap":{"1":{"name":"(anonymous_1)","line":5,"loc":{"start":{"line":5,"column":17},"end":{"line":5,"column":51}}},"2":{"name":"(anonymous_2)","line":6,"loc":{"start":{"line":6,"column":84},"end":{"line":6,"column":100}}},"3":{"name":"(anonymous_3)","line":15,"loc":{"start":{"line":15,"column":10},"end":{"line":15,"column":23}}}},"statementMap":{"1":{"start":{"line":1,"column":0},"end":{"line":1,"column":51}},"2":{"start":{"line":2,"column":0},"end":{"line":2,"column":39}},"3":{"start":{"line":3,"column":0},"end":{"line":3,"column":34}},"4":{"start":{"line":5,"column":0},"end":{"line":18,"column":2}},"5":{"start":{"line":6,"column":1},"end":{"line":17,"column":4}},"6":{"start":{"line":7,"column":2},"end":{"line":7,"column":26}},"7":{"start":{"line":8,"column":2},"end":{"line":14,"column":3}},"8":{"start":{"line":9,"column":3},"end":{"line":9,"column":22}},"9":{"start":{"line":11,"column":3},"end":{"line":11,"column":90}},"10":{"start":{"line":12,"column":3},"end":{"line":12,"column":42}},"11":{"start":{"line":13,"column":3},"end":{"line":13,"column":10}},"12":{"start":{"line":16,"column":2},"end":{"line":16,"column":57}}},"branchMap":{"1":{"line":8,"type":"if","locations":[{"start":{"line":8,"column":2},"end":{"line":8,"column":2}},{"start":{"line":8,"column":2},"end":{"line":8,"column":2}}]},"2":{"line":8,"type":"binary-expr","locations":[{"start":{"line":8,"column":6},"end":{"line":8,"column":19}},{"start":{"line":8,"column":24},"end":{"line":8,"column":55}},{"start":{"line":8,"column":59},"end":{"line":8,"column":95}}]}}},"/Users/charrington/Code/IssueTracker/bundling/bundler.js":{"path":"/Users/charrington/Code/IssueTracker/bundling/bundler.js","s":{"1":1,"2":1,"3":2,"4":2,"5":1,"6":3,"7":5,"8":1,"9":2,"10":4,"11":4,"12":1,"13":5,"14":5,"15":1,"16":5,"17":4,"18":4,"19":1,"20":1,"21":1,"22":1,"23":2},"b":{"1":[3,2],"2":[4,1]},"f":{"1":2,"2":2,"3":3,"4":5,"5":2,"6":4,"7":4,"8":5,"9":5,"10":5,"11":1,"12":1,"13":2},"fnMap":{"1":{"name":"(anonymous_1)","line":3,"loc":{"start":{"line":3,"column":22},"end":{"line":3,"column":39}}},"2":{"name":"(anonymous_2)","line":4,"loc":{"start":{"line":4,"column":35},"end":{"line":4,"column":51}}},"3":{"name":"(anonymous_3)","line":9,"loc":{"start":{"line":9,"column":16},"end":{"line":9,"column":40}}},"4":{"name":"(anonymous_4)","line":10,"loc":{"start":{"line":10,"column":31},"end":{"line":10,"column":53}}},"5":{"name":"_concatenate","line":15,"loc":{"start":{"line":15,"column":0},"end":{"line":15,"column":29}}},"6":{"name":"(anonymous_6)","line":16,"loc":{"start":{"line":16,"column":33},"end":{"line":16,"column":49}}},"7":{"name":"(anonymous_7)","line":18,"loc":{"start":{"line":18,"column":5},"end":{"line":18,"column":33}}},"8":{"name":"_stat","line":23,"loc":{"start":{"line":23,"column":0},"end":{"line":23,"column":28}}},"9":{"name":"(anonymous_9)","line":24,"loc":{"start":{"line":24,"column":33},"end":{"line":24,"column":48}}},"10":{"name":"_handleAsset","line":29,"loc":{"start":{"line":29,"column":0},"end":{"line":29,"column":41}}},"11":{"name":"_addFilesFromDirectory","line":38,"loc":{"start":{"line":38,"column":0},"end":{"line":38,"column":45}}},"12":{"name":"(anonymous_12)","line":39,"loc":{"start":{"line":39,"column":36},"end":{"line":39,"column":56}}},"13":{"name":"(anonymous_13)","line":40,"loc":{"start":{"line":40,"column":37},"end":{"line":40,"column":52}}}},"statementMap":{"1":{"start":{"line":1,"column":0},"end":{"line":1,"column":76}},"2":{"start":{"line":3,"column":0},"end":{"line":7,"column":2}},"3":{"start":{"line":4,"column":1},"end":{"line":6,"column":4}},"4":{"start":{"line":5,"column":2},"end":{"line":5,"column":29}},"5":{"start":{"line":9,"column":0},"end":{"line":13,"column":2}},"6":{"start":{"line":10,"column":1},"end":{"line":12,"column":17}},"7":{"start":{"line":11,"column":2},"end":{"line":11,"column":28}},"8":{"start":{"line":15,"column":0},"end":{"line":21,"column":1}},"9":{"start":{"line":16,"column":1},"end":{"line":20,"column":8}},"10":{"start":{"line":17,"column":2},"end":{"line":17,"column":32}},"11":{"start":{"line":19,"column":2},"end":{"line":19,"column":27}},"12":{"start":{"line":23,"column":0},"end":{"line":27,"column":1}},"13":{"start":{"line":24,"column":1},"end":{"line":26,"column":4}},"14":{"start":{"line":25,"column":2},"end":{"line":25,"column":41}},"15":{"start":{"line":29,"column":0},"end":{"line":36,"column":1}},"16":{"start":{"line":30,"column":1},"end":{"line":33,"column":2}},"17":{"start":{"line":31,"column":2},"end":{"line":31,"column":19}},"18":{"start":{"line":32,"column":2},"end":{"line":32,"column":14}},"19":{"start":{"line":35,"column":1},"end":{"line":35,"column":44}},"20":{"start":{"line":38,"column":0},"end":{"line":44,"column":1}},"21":{"start":{"line":39,"column":1},"end":{"line":43,"column":4}},"22":{"start":{"line":40,"column":2},"end":{"line":42,"column":12}},"23":{"start":{"line":41,"column":3},"end":{"line":41,"column":29}}},"branchMap":{"1":{"line":12,"type":"binary-expr","locations":[{"start":{"line":12,"column":4},"end":{"line":12,"column":9}},{"start":{"line":12,"column":13},"end":{"line":12,"column":15}}]},"2":{"line":30,"type":"if","locations":[{"start":{"line":30,"column":1},"end":{"line":30,"column":1}},{"start":{"line":30,"column":1},"end":{"line":30,"column":1}}]}}},"/Users/charrington/Code/IssueTracker/bundling/scriptBundler.js":{"path":"/Users/charrington/Code/IssueTracker/bundling/scriptBundler.js","s":{"1":1,"2":1,"3":1,"4":1,"5":7,"6":3,"7":4,"8":1,"9":3,"10":3,"11":4,"12":1,"13":4,"14":4,"15":4,"16":1,"17":3,"18":3,"19":1,"20":3,"21":1,"22":1,"23":1},"b":{"1":[3,4],"2":[1,3],"3":[3,1]},"f":{"1":7,"2":3,"3":3,"4":4,"5":4,"6":4,"7":4,"8":3,"9":1},"fnMap":{"1":{"name":"(anonymous_1)","line":5,"loc":{"start":{"line":5,"column":17},"end":{"line":5,"column":50}}},"2":{"name":"_handleDevelopment","line":11,"loc":{"start":{"line":11,"column":0},"end":{"line":11,"column":36}}},"3":{"name":"(anonymous_3)","line":12,"loc":{"start":{"line":12,"column":35},"end":{"line":12,"column":51}}},"4":{"name":"(anonymous_4)","line":13,"loc":{"start":{"line":13,"column":22},"end":{"line":13,"column":45}}},"5":{"name":"_handleProduction","line":19,"loc":{"start":{"line":19,"column":0},"end":{"line":19,"column":51}}},"6":{"name":"(anonymous_6)","line":20,"loc":{"start":{"line":20,"column":41},"end":{"line":20,"column":64}}},"7":{"name":"(anonymous_7)","line":22,"loc":{"start":{"line":22,"column":9},"end":{"line":22,"column":28}}},"8":{"name":"_addScriptRoute","line":31,"loc":{"start":{"line":31,"column":0},"end":{"line":31,"column":40}}},"9":{"name":"(anonymous_9)","line":32,"loc":{"start":{"line":32,"column":20},"end":{"line":32,"column":48}}}},"statementMap":{"1":{"start":{"line":1,"column":0},"end":{"line":1,"column":34}},"2":{"start":{"line":2,"column":0},"end":{"line":2,"column":35}},"3":{"start":{"line":3,"column":0},"end":{"line":3,"column":62}},"4":{"start":{"line":5,"column":0},"end":{"line":9,"column":2}},"5":{"start":{"line":6,"column":1},"end":{"line":7,"column":36}},"6":{"start":{"line":7,"column":2},"end":{"line":7,"column":36}},"7":{"start":{"line":8,"column":1},"end":{"line":8,"column":50}},"8":{"start":{"line":11,"column":0},"end":{"line":17,"column":1}},"9":{"start":{"line":12,"column":1},"end":{"line":16,"column":4}},"10":{"start":{"line":13,"column":2},"end":{"line":15,"column":9}},"11":{"start":{"line":14,"column":3},"end":{"line":14,"column":110}},"12":{"start":{"line":19,"column":0},"end":{"line":29,"column":1}},"13":{"start":{"line":20,"column":1},"end":{"line":28,"column":4}},"14":{"start":{"line":21,"column":2},"end":{"line":21,"column":46}},"15":{"start":{"line":23,"column":2},"end":{"line":24,"column":71}},"16":{"start":{"line":24,"column":3},"end":{"line":24,"column":71}},"17":{"start":{"line":26,"column":2},"end":{"line":26,"column":36}},"18":{"start":{"line":27,"column":2},"end":{"line":27,"column":116}},"19":{"start":{"line":31,"column":0},"end":{"line":37,"column":1}},"20":{"start":{"line":32,"column":1},"end":{"line":37,"column":0}},"21":{"start":{"line":33,"column":2},"end":{"line":33,"column":53}},"22":{"start":{"line":34,"column":2},"end":{"line":34,"column":65}},"23":{"start":{"line":35,"column":2},"end":{"line":35,"column":26}}},"branchMap":{"1":{"line":6,"type":"if","locations":[{"start":{"line":6,"column":1},"end":{"line":6,"column":1}},{"start":{"line":6,"column":1},"end":{"line":6,"column":1}}]},"2":{"line":23,"type":"if","locations":[{"start":{"line":23,"column":2},"end":{"line":23,"column":2}},{"start":{"line":23,"column":2},"end":{"line":23,"column":2}}]},"3":{"line":27,"type":"binary-expr","locations":[{"start":{"line":27,"column":64},"end":{"line":27,"column":73}},{"start":{"line":27,"column":77},"end":{"line":27,"column":97}}]}}},"/Users/charrington/Code/IssueTracker/bundling/styleBundler.js":{"path":"/Users/charrington/Code/IssueTracker/bundling/styleBundler.js","s":{"1":1,"2":1,"3":1,"4":1,"5":1,"6":5,"7":5,"8":5,"9":5,"10":5,"11":1,"12":1,"13":1,"14":5},"b":{"1":[2,3],"2":[5,4]},"f":{"1":5,"2":5,"3":5,"4":5,"5":1},"fnMap":{"1":{"name":"(anonymous_1)","line":6,"loc":{"start":{"line":6,"column":17},"end":{"line":6,"column":50}}},"2":{"name":"(anonymous_2)","line":7,"loc":{"start":{"line":7,"column":41},"end":{"line":7,"column":64}}},"3":{"name":"(anonymous_3)","line":9,"loc":{"start":{"line":9,"column":9},"end":{"line":9,"column":23}}},"4":{"name":"(anonymous_4)","line":11,"loc":{"start":{"line":11,"column":9},"end":{"line":11,"column":27}}},"5":{"name":"(anonymous_5)","line":13,"loc":{"start":{"line":13,"column":20},"end":{"line":13,"column":48}}}},"statementMap":{"1":{"start":{"line":1,"column":0},"end":{"line":1,"column":34}},"2":{"start":{"line":2,"column":0},"end":{"line":2,"column":35}},"3":{"start":{"line":3,"column":0},"end":{"line":3,"column":49}},"4":{"start":{"line":4,"column":0},"end":{"line":4,"column":62}},"5":{"start":{"line":6,"column":0},"end":{"line":20,"column":2}},"6":{"start":{"line":7,"column":1},"end":{"line":19,"column":4}},"7":{"start":{"line":8,"column":2},"end":{"line":8,"column":40}},"8":{"start":{"line":10,"column":2},"end":{"line":10,"column":95}},"9":{"start":{"line":12,"column":2},"end":{"line":12,"column":23}},"10":{"start":{"line":13,"column":2},"end":{"line":17,"column":5}},"11":{"start":{"line":14,"column":3},"end":{"line":14,"column":47}},"12":{"start":{"line":15,"column":3},"end":{"line":15,"column":66}},"13":{"start":{"line":16,"column":3},"end":{"line":16,"column":22}},"14":{"start":{"line":18,"column":2},"end":{"line":18,"column":119}}},"branchMap":{"1":{"line":10,"type":"cond-expr","locations":[{"start":{"line":10,"column":42},"end":{"line":10,"column":86}},{"start":{"line":10,"column":89},"end":{"line":10,"column":94}}]},"2":{"line":18,"type":"binary-expr","locations":[{"start":{"line":18,"column":56},"end":{"line":18,"column":65}},{"start":{"line":18,"column":69},"end":{"line":18,"column":89}}]}}},"/Users/charrington/Code/IssueTracker/data/mapper.js":{"path":"/Users/charrington/Code/IssueTracker/data/mapper.js","s":{"1":1,"2":1,"3":1,"4":1,"5":1,"6":0,"7":1,"8":0,"9":0,"10":0,"11":0,"12":0,"13":0,"14":0,"15":0,"16":0,"17":0,"18":0,"19":0,"20":0,"21":0,"22":0,"23":0,"24":1,"25":3,"26":3,"27":0,"28":3,"29":1,"30":0,"31":0,"32":0,"33":0,"34":0,"35":0,"36":0,"37":0,"38":0,"39":0,"40":0,"41":0,"42":0,"43":0,"44":0,"45":0,"46":0,"47":0,"48":0,"49":0,"50":0,"51":0,"52":0,"53":0,"54":0,"55":0,"56":1,"57":0},"b":{"1":[0,0],"2":[0,0],"3":[0,0],"4":[0,0],"5":[0,0],"6":[0,0],"7":[0,0],"8":[0,0],"9":[0,0]},"f":{"1":0,"2":0,"3":0,"4":3,"5":0,"6":0,"7":0,"8":0,"9":0,"10":0,"11":0,"12":0,"13":0,"14":0,"15":0,"16":0,"17":0,"18":0,"19":0},"fnMap":{"1":{"name":"(anonymous_1)","line":7,"loc":{"start":{"line":7,"column":17},"end":{"line":7,"column":65}}},"2":{"name":"(anonymous_2)","line":11,"loc":{"start":{"line":11,"column":14},"end":{"line":11,"column":58}}},"3":{"name":"(anonymous_3)","line":12,"loc":{"start":{"line":12,"column":20},"end":{"line":12,"column":46}}},"4":{"name":"(anonymous_4)","line":37,"loc":{"start":{"line":37,"column":17},"end":{"line":37,"column":65}}},"5":{"name":"(anonymous_5)","line":44,"loc":{"start":{"line":44,"column":15},"end":{"line":44,"column":26}}},"6":{"name":"(anonymous_6)","line":52,"loc":{"start":{"line":52,"column":90},"end":{"line":52,"column":102}}},"7":{"name":"(anonymous_7)","line":57,"loc":{"start":{"line":57,"column":11},"end":{"line":57,"column":23}}},"8":{"name":"(anonymous_8)","line":58,"loc":{"start":{"line":58,"column":9},"end":{"line":58,"column":21}}},"9":{"name":"(anonymous_9)","line":62,"loc":{"start":{"line":62,"column":8},"end":{"line":62,"column":20}}},"10":{"name":"(anonymous_10)","line":64,"loc":{"start":{"line":64,"column":8},"end":{"line":64,"column":20}}},"11":{"name":"(anonymous_11)","line":65,"loc":{"start":{"line":65,"column":11},"end":{"line":65,"column":23}}},"12":{"name":"(anonymous_12)","line":68,"loc":{"start":{"line":68,"column":8},"end":{"line":68,"column":20}}},"13":{"name":"(anonymous_13)","line":88,"loc":{"start":{"line":88,"column":17},"end":{"line":88,"column":29}}},"14":{"name":"(anonymous_14)","line":89,"loc":{"start":{"line":89,"column":10},"end":{"line":89,"column":22}}},"15":{"name":"(anonymous_15)","line":90,"loc":{"start":{"line":90,"column":10},"end":{"line":90,"column":22}}},"16":{"name":"(anonymous_16)","line":91,"loc":{"start":{"line":91,"column":15},"end":{"line":91,"column":27}}},"17":{"name":"(anonymous_17)","line":111,"loc":{"start":{"line":111,"column":10},"end":{"line":111,"column":22}}},"18":{"name":"(anonymous_18)","line":112,"loc":{"start":{"line":112,"column":10},"end":{"line":112,"column":22}}},"19":{"name":"_getCombinedKey","line":116,"loc":{"start":{"line":116,"column":0},"end":{"line":116,"column":46}}}},"statementMap":{"1":{"start":{"line":1,"column":0},"end":{"line":1,"column":31}},"2":{"start":{"line":2,"column":0},"end":{"line":2,"column":34}},"3":{"start":{"line":3,"column":0},"end":{"line":3,"column":34}},"4":{"start":{"line":5,"column":0},"end":{"line":5,"column":15}},"5":{"start":{"line":7,"column":0},"end":{"line":9,"column":2}},"6":{"start":{"line":8,"column":1},"end":{"line":8,"column":64}},"7":{"start":{"line":11,"column":0},"end":{"line":35,"column":2}},"8":{"start":{"line":12,"column":1},"end":{"line":34,"column":4}},"9":{"start":{"line":13,"column":2},"end":{"line":33,"column":3}},"10":{"start":{"line":14,"column":3},"end":{"line":14,"column":43}},"11":{"start":{"line":16,"column":3},"end":{"line":16,"column":56}},"12":{"start":{"line":17,"column":3},"end":{"line":32,"column":4}},"13":{"start":{"line":18,"column":4},"end":{"line":18,"column":61}},"14":{"start":{"line":20,"column":4},"end":{"line":20,"column":32}},"15":{"start":{"line":21,"column":4},"end":{"line":21,"column":20}},"16":{"start":{"line":22,"column":4},"end":{"line":30,"column":5}},"17":{"start":{"line":23,"column":5},"end":{"line":23,"column":33}},"18":{"start":{"line":24,"column":5},"end":{"line":24,"column":29}},"19":{"start":{"line":25,"column":5},"end":{"line":28,"column":26}},"20":{"start":{"line":26,"column":6},"end":{"line":26,"column":26}},"21":{"start":{"line":28,"column":6},"end":{"line":28,"column":26}},"22":{"start":{"line":29,"column":5},"end":{"line":29,"column":25}},"23":{"start":{"line":31,"column":4},"end":{"line":31,"column":20}},"24":{"start":{"line":37,"column":0},"end":{"line":42,"column":2}},"25":{"start":{"line":38,"column":1},"end":{"line":38,"column":21}},"26":{"start":{"line":39,"column":1},"end":{"line":40,"column":73}},"27":{"start":{"line":40,"column":2},"end":{"line":40,"column":73}},"28":{"start":{"line":41,"column":1},"end":{"line":41,"column":32}},"29":{"start":{"line":44,"column":0},"end":{"line":114,"column":2}},"30":{"start":{"line":45,"column":1},"end":{"line":45,"column":98}},"31":{"start":{"line":46,"column":1},"end":{"line":46,"column":94}},"32":{"start":{"line":47,"column":1},"end":{"line":47,"column":414}},"33":{"start":{"line":48,"column":1},"end":{"line":48,"column":85}},"34":{"start":{"line":49,"column":1},"end":{"line":49,"column":80}},"35":{"start":{"line":50,"column":1},"end":{"line":50,"column":84}},"36":{"start":{"line":51,"column":1},"end":{"line":51,"column":86}},"37":{"start":{"line":52,"column":1},"end":{"line":52,"column":139}},"38":{"start":{"line":52,"column":104},"end":{"line":52,"column":133}},"39":{"start":{"line":53,"column":1},"end":{"line":60,"column":4}},"40":{"start":{"line":57,"column":25},"end":{"line":57,"column":61}},"41":{"start":{"line":59,"column":12},"end":{"line":59,"column":120}},"42":{"start":{"line":61,"column":1},"end":{"line":66,"column":4}},"43":{"start":{"line":62,"column":22},"end":{"line":62,"column":70}},"44":{"start":{"line":64,"column":22},"end":{"line":64,"column":41}},"45":{"start":{"line":65,"column":25},"end":{"line":65,"column":44}},"46":{"start":{"line":67,"column":1},"end":{"line":70,"column":4}},"47":{"start":{"line":68,"column":22},"end":{"line":68,"column":63}},"48":{"start":{"line":71,"column":1},"end":{"line":93,"column":4}},"49":{"start":{"line":88,"column":31},"end":{"line":88,"column":63}},"50":{"start":{"line":89,"column":24},"end":{"line":89,"column":74}},"51":{"start":{"line":90,"column":24},"end":{"line":90,"column":90}},"52":{"start":{"line":91,"column":29},"end":{"line":91,"column":80}},"53":{"start":{"line":94,"column":1},"end":{"line":113,"column":4}},"54":{"start":{"line":111,"column":24},"end":{"line":111,"column":67}},"55":{"start":{"line":112,"column":24},"end":{"line":112,"column":111}},"56":{"start":{"line":116,"column":0},"end":{"line":118,"column":1}},"57":{"start":{"line":117,"column":1},"end":{"line":117,"column":35}}},"branchMap":{"1":{"line":13,"type":"if","locations":[{"start":{"line":13,"column":2},"end":{"line":13,"column":2}},{"start":{"line":13,"column":2},"end":{"line":13,"column":2}}]},"2":{"line":17,"type":"if","locations":[{"start":{"line":17,"column":3},"end":{"line":17,"column":3}},{"start":{"line":17,"column":3},"end":{"line":17,"column":3}}]},"3":{"line":17,"type":"binary-expr","locations":[{"start":{"line":17,"column":7},"end":{"line":17,"column":13}},{"start":{"line":17,"column":17},"end":{"line":17,"column":28}}]},"4":{"line":25,"type":"if","locations":[{"start":{"line":25,"column":5},"end":{"line":25,"column":5}},{"start":{"line":25,"column":5},"end":{"line":25,"column":5}}]},"5":{"line":57,"type":"cond-expr","locations":[{"start":{"line":57,"column":44},"end":{"line":57,"column":53}},{"start":{"line":57,"column":56},"end":{"line":57,"column":60}}]},"6":{"line":59,"type":"cond-expr","locations":[{"start":{"line":59,"column":37},"end":{"line":59,"column":41}},{"start":{"line":59,"column":44},"end":{"line":59,"column":118}}]},"7":{"line":90,"type":"cond-expr","locations":[{"start":{"line":90,"column":42},"end":{"line":90,"column":84}},{"start":{"line":90,"column":87},"end":{"line":90,"column":89}}]},"8":{"line":112,"type":"cond-expr","locations":[{"start":{"line":112,"column":68},"end":{"line":112,"column":72}},{"start":{"line":112,"column":75},"end":{"line":112,"column":110}}]},"9":{"line":112,"type":"binary-expr","locations":[{"start":{"line":112,"column":31},"end":{"line":112,"column":45}},{"start":{"line":112,"column":49},"end":{"line":112,"column":65}}]}}},"/Users/charrington/Code/IssueTracker/config.js":{"path":"/Users/charrington/Code/IssueTracker/config.js","s":{"1":1,"2":1,"3":1,"4":1,"5":1,"6":1,"7":0,"8":0,"9":1,"10":1,"11":1,"12":1,"13":0,"14":0,"15":1,"16":1},"b":{"1":[1,0,0]},"f":{"1":1,"2":1,"3":0,"4":1},"fnMap":{"1":{"name":"(anonymous_1)","line":4,"loc":{"start":{"line":4,"column":17},"end":{"line":4,"column":28}}},"2":{"name":"_dev","line":13,"loc":{"start":{"line":13,"column":0},"end":{"line":13,"column":16}}},"3":{"name":"_prod","line":21,"loc":{"start":{"line":21,"column":0},"end":{"line":21,"column":17}}},"4":{"name":"_defaults","line":29,"loc":{"start":{"line":29,"column":0},"end":{"line":29,"column":21}}}},"statementMap":{"1":{"start":{"line":1,"column":0},"end":{"line":1,"column":36}},"2":{"start":{"line":2,"column":0},"end":{"line":2,"column":31}},"3":{"start":{"line":4,"column":0},"end":{"line":11,"column":4}},"4":{"start":{"line":5,"column":1},"end":{"line":5,"column":26}},"5":{"start":{"line":6,"column":1},"end":{"line":10,"column":2}},"6":{"start":{"line":7,"column":22},"end":{"line":7,"column":36}},"7":{"start":{"line":8,"column":21},"end":{"line":8,"column":36}},"8":{"start":{"line":9,"column":11},"end":{"line":9,"column":80}},"9":{"start":{"line":13,"column":0},"end":{"line":19,"column":1}},"10":{"start":{"line":14,"column":1},"end":{"line":14,"column":47}},"11":{"start":{"line":15,"column":1},"end":{"line":18,"column":4}},"12":{"start":{"line":21,"column":0},"end":{"line":27,"column":1}},"13":{"start":{"line":22,"column":1},"end":{"line":22,"column":46}},"14":{"start":{"line":23,"column":1},"end":{"line":26,"column":4}},"15":{"start":{"line":29,"column":0},"end":{"line":41,"column":1}},"16":{"start":{"line":30,"column":1},"end":{"line":40,"column":3}}},"branchMap":{"1":{"line":6,"type":"switch","locations":[{"start":{"line":7,"column":2},"end":{"line":7,"column":36}},{"start":{"line":8,"column":2},"end":{"line":8,"column":36}},{"start":{"line":9,"column":2},"end":{"line":9,"column":80}}]}}},"/Users/charrington/Code/IssueTracker/storage/storage.js":{"path":"/Users/charrington/Code/IssueTracker/storage/storage.js","s":{"1":1,"2":1,"3":1,"4":1,"5":0,"6":0,"7":0,"8":0,"9":0,"10":0,"11":0,"12":0,"13":0,"14":1,"15":0,"16":0,"17":0,"18":0,"19":0,"20":0,"21":0,"22":0,"23":0},"b":{"1":[0,0],"2":[0,0],"3":[0,0],"4":[0,0]},"f":{"1":0,"2":0,"3":0,"4":0,"5":0,"6":0,"7":0,"8":0},"fnMap":{"1":{"name":"(anonymous_1)","line":5,"loc":{"start":{"line":5,"column":14},"end":{"line":5,"column":56}}},"2":{"name":"(anonymous_2)","line":6,"loc":{"start":{"line":6,"column":20},"end":{"line":6,"column":46}}},"3":{"name":"(anonymous_3)","line":8,"loc":{"start":{"line":8,"column":48},"end":{"line":8,"column":63}}},"4":{"name":"(anonymous_4)","line":12,"loc":{"start":{"line":12,"column":70},"end":{"line":12,"column":93}}},"5":{"name":"(anonymous_5)","line":23,"loc":{"start":{"line":23,"column":14},"end":{"line":23,"column":48}}},"6":{"name":"(anonymous_6)","line":24,"loc":{"start":{"line":24,"column":20},"end":{"line":24,"column":46}}},"7":{"name":"(anonymous_7)","line":26,"loc":{"start":{"line":26,"column":48},"end":{"line":26,"column":63}}},"8":{"name":"(anonymous_8)","line":30,"loc":{"start":{"line":30,"column":53},"end":{"line":30,"column":68}}}},"statementMap":{"1":{"start":{"line":1,"column":0},"end":{"line":1,"column":29}},"2":{"start":{"line":2,"column":0},"end":{"line":2,"column":34}},"3":{"start":{"line":3,"column":0},"end":{"line":3,"column":34}},"4":{"start":{"line":5,"column":0},"end":{"line":21,"column":2}},"5":{"start":{"line":6,"column":1},"end":{"line":20,"column":4}},"6":{"start":{"line":7,"column":2},"end":{"line":7,"column":79}},"7":{"start":{"line":8,"column":2},"end":{"line":19,"column":5}},"8":{"start":{"line":9,"column":3},"end":{"line":18,"column":4}},"9":{"start":{"line":10,"column":4},"end":{"line":10,"column":47}},"10":{"start":{"line":12,"column":4},"end":{"line":18,"column":3}},"11":{"start":{"line":13,"column":5},"end":{"line":14,"column":68}},"12":{"start":{"line":14,"column":6},"end":{"line":14,"column":68}},"13":{"start":{"line":16,"column":5},"end":{"line":16,"column":97}},"14":{"start":{"line":23,"column":0},"end":{"line":38,"column":2}},"15":{"start":{"line":24,"column":1},"end":{"line":37,"column":4}},"16":{"start":{"line":25,"column":2},"end":{"line":25,"column":79}},"17":{"start":{"line":26,"column":2},"end":{"line":36,"column":5}},"18":{"start":{"line":27,"column":3},"end":{"line":35,"column":4}},"19":{"start":{"line":28,"column":4},"end":{"line":28,"column":47}},"20":{"start":{"line":30,"column":4},"end":{"line":35,"column":3}},"21":{"start":{"line":31,"column":5},"end":{"line":32,"column":68}},"22":{"start":{"line":32,"column":6},"end":{"line":32,"column":68}},"23":{"start":{"line":33,"column":5},"end":{"line":33,"column":15}}},"branchMap":{"1":{"line":9,"type":"if","locations":[{"start":{"line":9,"column":3},"end":{"line":9,"column":3}},{"start":{"line":9,"column":3},"end":{"line":9,"column":3}}]},"2":{"line":13,"type":"if","locations":[{"start":{"line":13,"column":5},"end":{"line":13,"column":5}},{"start":{"line":13,"column":5},"end":{"line":13,"column":5}}]},"3":{"line":27,"type":"if","locations":[{"start":{"line":27,"column":3},"end":{"line":27,"column":3}},{"start":{"line":27,"column":3},"end":{"line":27,"column":3}}]},"4":{"line":31,"type":"if","locations":[{"start":{"line":31,"column":5},"end":{"line":31,"column":5}},{"start":{"line":31,"column":5},"end":{"line":31,"column":5}}]}}},"/Users/charrington/Code/IssueTracker/email/notificationEmailer.js":{"path":"/Users/charrington/Code/IssueTracker/email/notificationEmailer.js","s":{"1":1,"2":1,"3":1,"4":1,"5":0,"6":0,"7":0,"8":0,"9":0,"10":0,"11":0,"12":0,"13":0,"14":0,"15":0,"16":0,"17":0,"18":1,"19":0,"20":0,"21":0,"22":0,"23":0,"24":0,"25":0,"26":0,"27":0,"28":0,"29":0,"30":0,"31":0,"32":1,"33":0,"34":0,"35":0,"36":0,"37":0,"38":0,"39":0,"40":0,"41":0,"42":0,"43":0,"44":0,"45":0,"46":1,"47":0,"48":0,"49":0,"50":0,"51":0,"52":0,"53":0,"54":0,"55":0,"56":0,"57":0,"58":0,"59":0},"b":{"1":[0,0],"2":[0,0],"3":[0,0],"4":[0,0],"5":[0,0],"6":[0,0],"7":[0,0],"8":[0,0]},"f":{"1":0,"2":0,"3":0,"4":0,"5":0,"6":0,"7":0,"8":0,"9":0,"10":0,"11":0,"12":0},"fnMap":{"1":{"name":"(anonymous_1)","line":5,"loc":{"start":{"line":5,"column":24},"end":{"line":5,"column":46}}},"2":{"name":"(anonymous_2)","line":6,"loc":{"start":{"line":6,"column":20},"end":{"line":6,"column":46}}},"3":{"name":"(anonymous_3)","line":21,"loc":{"start":{"line":21,"column":5},"end":{"line":21,"column":20}}},"4":{"name":"(anonymous_4)","line":28,"loc":{"start":{"line":28,"column":23},"end":{"line":28,"column":45}}},"5":{"name":"(anonymous_5)","line":29,"loc":{"start":{"line":29,"column":20},"end":{"line":29,"column":46}}},"6":{"name":"(anonymous_6)","line":44,"loc":{"start":{"line":44,"column":5},"end":{"line":44,"column":20}}},"7":{"name":"(anonymous_7)","line":51,"loc":{"start":{"line":51,"column":23},"end":{"line":51,"column":45}}},"8":{"name":"(anonymous_8)","line":52,"loc":{"start":{"line":52,"column":20},"end":{"line":52,"column":46}}},"9":{"name":"(anonymous_9)","line":67,"loc":{"start":{"line":67,"column":5},"end":{"line":67,"column":20}}},"10":{"name":"(anonymous_10)","line":74,"loc":{"start":{"line":74,"column":21},"end":{"line":74,"column":43}}},"11":{"name":"(anonymous_11)","line":75,"loc":{"start":{"line":75,"column":20},"end":{"line":75,"column":46}}},"12":{"name":"(anonymous_12)","line":90,"loc":{"start":{"line":90,"column":5},"end":{"line":90,"column":20}}}},"statementMap":{"1":{"start":{"line":1,"column":0},"end":{"line":1,"column":34}},"2":{"start":{"line":2,"column":0},"end":{"line":2,"column":86}},"3":{"start":{"line":3,"column":0},"end":{"line":3,"column":34}},"4":{"start":{"line":5,"column":0},"end":{"line":26,"column":2}},"5":{"start":{"line":6,"column":1},"end":{"line":25,"column":4}},"6":{"start":{"line":7,"column":2},"end":{"line":7,"column":44}},"7":{"start":{"line":8,"column":2},"end":{"line":8,"column":77}},"8":{"start":{"line":9,"column":2},"end":{"line":9,"column":63}},"9":{"start":{"line":10,"column":2},"end":{"line":11,"column":38}},"10":{"start":{"line":11,"column":3},"end":{"line":11,"column":38}},"11":{"start":{"line":12,"column":2},"end":{"line":12,"column":62}},"12":{"start":{"line":13,"column":2},"end":{"line":13,"column":109}},"13":{"start":{"line":14,"column":2},"end":{"line":14,"column":28}},"14":{"start":{"line":16,"column":2},"end":{"line":24,"column":5}},"15":{"start":{"line":22,"column":3},"end":{"line":23,"column":18}},"16":{"start":{"line":22,"column":12},"end":{"line":22,"column":71}},"17":{"start":{"line":23,"column":8},"end":{"line":23,"column":18}},"18":{"start":{"line":28,"column":0},"end":{"line":49,"column":2}},"19":{"start":{"line":29,"column":1},"end":{"line":48,"column":4}},"20":{"start":{"line":30,"column":2},"end":{"line":30,"column":44}},"21":{"start":{"line":31,"column":2},"end":{"line":31,"column":92}},"22":{"start":{"line":32,"column":2},"end":{"line":32,"column":63}},"23":{"start":{"line":33,"column":2},"end":{"line":34,"column":38}},"24":{"start":{"line":34,"column":3},"end":{"line":34,"column":38}},"25":{"start":{"line":35,"column":2},"end":{"line":35,"column":62}},"26":{"start":{"line":36,"column":2},"end":{"line":36,"column":109}},"27":{"start":{"line":37,"column":2},"end":{"line":37,"column":28}},"28":{"start":{"line":39,"column":2},"end":{"line":47,"column":5}},"29":{"start":{"line":45,"column":3},"end":{"line":46,"column":18}},"30":{"start":{"line":45,"column":12},"end":{"line":45,"column":71}},"31":{"start":{"line":46,"column":8},"end":{"line":46,"column":18}},"32":{"start":{"line":51,"column":0},"end":{"line":72,"column":2}},"33":{"start":{"line":52,"column":1},"end":{"line":71,"column":4}},"34":{"start":{"line":53,"column":2},"end":{"line":53,"column":44}},"35":{"start":{"line":54,"column":2},"end":{"line":54,"column":92}},"36":{"start":{"line":55,"column":2},"end":{"line":55,"column":63}},"37":{"start":{"line":56,"column":2},"end":{"line":57,"column":38}},"38":{"start":{"line":57,"column":3},"end":{"line":57,"column":38}},"39":{"start":{"line":58,"column":2},"end":{"line":58,"column":62}},"40":{"start":{"line":59,"column":2},"end":{"line":59,"column":109}},"41":{"start":{"line":60,"column":2},"end":{"line":60,"column":28}},"42":{"start":{"line":62,"column":2},"end":{"line":70,"column":5}},"43":{"start":{"line":68,"column":3},"end":{"line":69,"column":18}},"44":{"start":{"line":68,"column":12},"end":{"line":68,"column":71}},"45":{"start":{"line":69,"column":8},"end":{"line":69,"column":18}},"46":{"start":{"line":74,"column":0},"end":{"line":95,"column":2}},"47":{"start":{"line":75,"column":1},"end":{"line":94,"column":4}},"48":{"start":{"line":76,"column":2},"end":{"line":76,"column":44}},"49":{"start":{"line":77,"column":2},"end":{"line":77,"column":77}},"50":{"start":{"line":78,"column":2},"end":{"line":78,"column":63}},"51":{"start":{"line":79,"column":2},"end":{"line":80,"column":38}},"52":{"start":{"line":80,"column":3},"end":{"line":80,"column":38}},"53":{"start":{"line":81,"column":2},"end":{"line":81,"column":62}},"54":{"start":{"line":82,"column":2},"end":{"line":82,"column":109}},"55":{"start":{"line":83,"column":2},"end":{"line":83,"column":28}},"56":{"start":{"line":85,"column":2},"end":{"line":93,"column":5}},"57":{"start":{"line":91,"column":3},"end":{"line":92,"column":18}},"58":{"start":{"line":91,"column":12},"end":{"line":91,"column":71}},"59":{"start":{"line":92,"column":8},"end":{"line":92,"column":18}}},"branchMap":{"1":{"line":10,"type":"if","locations":[{"start":{"line":10,"column":2},"end":{"line":10,"column":2}},{"start":{"line":10,"column":2},"end":{"line":10,"column":2}}]},"2":{"line":22,"type":"if","locations":[{"start":{"line":22,"column":3},"end":{"line":22,"column":3}},{"start":{"line":22,"column":3},"end":{"line":22,"column":3}}]},"3":{"line":33,"type":"if","locations":[{"start":{"line":33,"column":2},"end":{"line":33,"column":2}},{"start":{"line":33,"column":2},"end":{"line":33,"column":2}}]},"4":{"line":45,"type":"if","locations":[{"start":{"line":45,"column":3},"end":{"line":45,"column":3}},{"start":{"line":45,"column":3},"end":{"line":45,"column":3}}]},"5":{"line":56,"type":"if","locations":[{"start":{"line":56,"column":2},"end":{"line":56,"column":2}},{"start":{"line":56,"column":2},"end":{"line":56,"column":2}}]},"6":{"line":68,"type":"if","locations":[{"start":{"line":68,"column":3},"end":{"line":68,"column":3}},{"start":{"line":68,"column":3},"end":{"line":68,"column":3}}]},"7":{"line":79,"type":"if","locations":[{"start":{"line":79,"column":2},"end":{"line":79,"column":2}},{"start":{"line":79,"column":2},"end":{"line":79,"column":2}}]},"8":{"line":91,"type":"if","locations":[{"start":{"line":91,"column":3},"end":{"line":91,"column":3}},{"start":{"line":91,"column":3},"end":{"line":91,"column":3}}]}}},"/Users/charrington/Code/IssueTracker/controllers/issues.js":{"path":"/Users/charrington/Code/IssueTracker/controllers/issues.js","s":{"1":1,"2":1,"3":1,"4":1,"5":1,"6":1,"7":1,"8":1,"9":1,"10":1,"11":1,"12":1,"13":97,"14":3,"15":2,"16":1,"17":97,"18":6,"19":6,"20":1,"21":6,"22":6,"23":1,"24":6,"25":5,"26":4,"27":2,"28":97,"29":12,"30":12,"31":10,"32":1,"33":1,"34":9,"35":6,"36":5,"37":5,"38":5,"39":5,"40":5,"41":6,"42":97,"43":4,"44":3,"45":2,"46":97,"47":4,"48":3,"49":3,"50":2,"51":97,"52":8,"53":7,"54":6,"55":5,"56":3,"57":2,"58":3,"59":5,"60":97,"61":9,"62":8,"63":8,"64":8,"65":7,"66":7,"67":6,"68":5,"69":4,"70":4,"71":3,"72":3,"73":6,"74":97,"75":21,"76":20,"77":14,"78":14,"79":14,"80":14,"81":14,"82":14,"83":14,"84":8,"85":8,"86":8,"87":8,"88":8,"89":7,"90":7,"91":6,"92":6,"93":5,"94":5,"95":4,"96":4,"97":17,"98":97,"99":12,"100":12,"101":9,"102":5,"103":3,"104":2,"105":4,"106":8,"107":97,"108":8,"109":8,"110":8,"111":7,"112":22,"113":21,"114":6,"115":5,"116":5,"117":17,"118":17,"119":5,"120":4,"121":4,"122":5,"123":5,"124":1,"125":8,"126":8,"127":8,"128":1,"129":7,"130":1,"131":9,"132":9,"133":25,"134":9},"b":{"1":[1,5],"2":[1,5],"3":[1,9],"4":[5,1],"5":[2,1],"6":[4,1],"7":[3,1],"8":[5,1],"9":[4,1],"10":[5,2],"11":[2,1],"12":[1,7]},"f":{"1":97,"2":3,"3":2,"4":1,"5":6,"6":5,"7":4,"8":2,"9":12,"10":10,"11":6,"12":5,"13":6,"14":4,"15":3,"16":2,"17":4,"18":3,"19":2,"20":8,"21":7,"22":6,"23":3,"24":3,"25":5,"26":9,"27":8,"28":7,"29":6,"30":5,"31":4,"32":3,"33":6,"34":21,"35":20,"36":14,"37":6,"38":6,"39":5,"40":4,"41":17,"42":12,"43":9,"44":3,"45":4,"46":8,"47":8,"48":7,"49":5,"50":4,"51":5,"52":8,"53":8,"54":8,"55":9},"fnMap":{"1":{"name":"(anonymous_1)","line":13,"loc":{"start":{"line":13,"column":17},"end":{"line":13,"column":31}}},"2":{"name":"(anonymous_2)","line":14,"loc":{"start":{"line":14,"column":34},"end":{"line":14,"column":62}}},"3":{"name":"(anonymous_3)","line":15,"loc":{"start":{"line":15,"column":59},"end":{"line":15,"column":77}}},"4":{"name":"(anonymous_4)","line":17,"loc":{"start":{"line":17,"column":11},"end":{"line":17,"column":23}}},"5":{"name":"(anonymous_5)","line":22,"loc":{"start":{"line":22,"column":39},"end":{"line":22,"column":67}}},"6":{"name":"(anonymous_6)","line":37,"loc":{"start":{"line":37,"column":71},"end":{"line":37,"column":88}}},"7":{"name":"(anonymous_7)","line":39,"loc":{"start":{"line":39,"column":10},"end":{"line":39,"column":28}}},"8":{"name":"(anonymous_8)","line":41,"loc":{"start":{"line":41,"column":11},"end":{"line":41,"column":23}}},"9":{"name":"(anonymous_9)","line":46,"loc":{"start":{"line":46,"column":42},"end":{"line":46,"column":70}}},"10":{"name":"(anonymous_10)","line":51,"loc":{"start":{"line":51,"column":12},"end":{"line":51,"column":34}}},"11":{"name":"(anonymous_11)","line":57,"loc":{"start":{"line":57,"column":159},"end":{"line":57,"column":198}}},"12":{"name":"(anonymous_12)","line":64,"loc":{"start":{"line":64,"column":13},"end":{"line":64,"column":59}}},"13":{"name":"(anonymous_13)","line":71,"loc":{"start":{"line":71,"column":11},"end":{"line":71,"column":23}}},"14":{"name":"(anonymous_14)","line":76,"loc":{"start":{"line":76,"column":41},"end":{"line":76,"column":69}}},"15":{"name":"(anonymous_15)","line":77,"loc":{"start":{"line":77,"column":64},"end":{"line":77,"column":79}}},"16":{"name":"(anonymous_16)","line":81,"loc":{"start":{"line":81,"column":11},"end":{"line":81,"column":23}}},"17":{"name":"(anonymous_17)","line":86,"loc":{"start":{"line":86,"column":57},"end":{"line":86,"column":85}}},"18":{"name":"(anonymous_18)","line":87,"loc":{"start":{"line":87,"column":63},"end":{"line":87,"column":78}}},"19":{"name":"(anonymous_19)","line":90,"loc":{"start":{"line":90,"column":11},"end":{"line":90,"column":23}}},"20":{"name":"(anonymous_20)","line":95,"loc":{"start":{"line":95,"column":42},"end":{"line":95,"column":70}}},"21":{"name":"(anonymous_21)","line":96,"loc":{"start":{"line":96,"column":68},"end":{"line":96,"column":84}}},"22":{"name":"(anonymous_22)","line":97,"loc":{"start":{"line":97,"column":62},"end":{"line":97,"column":74}}},"23":{"name":"(anonymous_23)","line":102,"loc":{"start":{"line":102,"column":15},"end":{"line":102,"column":31}}},"24":{"name":"(anonymous_24)","line":108,"loc":{"start":{"line":108,"column":10},"end":{"line":108,"column":22}}},"25":{"name":"(anonymous_25)","line":110,"loc":{"start":{"line":110,"column":11},"end":{"line":110,"column":24}}},"26":{"name":"(anonymous_26)","line":115,"loc":{"start":{"line":115,"column":47},"end":{"line":115,"column":75}}},"27":{"name":"(anonymous_27)","line":116,"loc":{"start":{"line":116,"column":78},"end":{"line":116,"column":96}}},"28":{"name":"(anonymous_28)","line":119,"loc":{"start":{"line":119,"column":64},"end":{"line":119,"column":81}}},"29":{"name":"(anonymous_29)","line":121,"loc":{"start":{"line":121,"column":53},"end":{"line":121,"column":65}}},"30":{"name":"(anonymous_30)","line":122,"loc":{"start":{"line":122,"column":62},"end":{"line":122,"column":78}}},"31":{"name":"(anonymous_31)","line":125,"loc":{"start":{"line":125,"column":13},"end":{"line":125,"column":24}}},"32":{"name":"(anonymous_32)","line":131,"loc":{"start":{"line":131,"column":10},"end":{"line":131,"column":22}}},"33":{"name":"(anonymous_33)","line":133,"loc":{"start":{"line":133,"column":11},"end":{"line":133,"column":24}}},"34":{"name":"(anonymous_34)","line":138,"loc":{"start":{"line":138,"column":42},"end":{"line":138,"column":70}}},"35":{"name":"(anonymous_35)","line":139,"loc":{"start":{"line":139,"column":68},"end":{"line":139,"column":84}}},"36":{"name":"(anonymous_36)","line":148,"loc":{"start":{"line":148,"column":13},"end":{"line":148,"column":85}}},"37":{"name":"(anonymous_37)","line":164,"loc":{"start":{"line":164,"column":10},"end":{"line":164,"column":27}}},"38":{"name":"(anonymous_38)","line":165,"loc":{"start":{"line":165,"column":60},"end":{"line":165,"column":76}}},"39":{"name":"(anonymous_39)","line":168,"loc":{"start":{"line":168,"column":11},"end":{"line":168,"column":22}}},"40":{"name":"(anonymous_40)","line":172,"loc":{"start":{"line":172,"column":10},"end":{"line":172,"column":22}}},"41":{"name":"(anonymous_41)","line":174,"loc":{"start":{"line":174,"column":11},"end":{"line":174,"column":24}}},"42":{"name":"(anonymous_42)","line":179,"loc":{"start":{"line":179,"column":42},"end":{"line":179,"column":70}}},"43":{"name":"(anonymous_43)","line":185,"loc":{"start":{"line":185,"column":12},"end":{"line":185,"column":28}}},"44":{"name":"(anonymous_44)","line":190,"loc":{"start":{"line":190,"column":14},"end":{"line":190,"column":30}}},"45":{"name":"(anonymous_45)","line":195,"loc":{"start":{"line":195,"column":10},"end":{"line":195,"column":22}}},"46":{"name":"(anonymous_46)","line":197,"loc":{"start":{"line":197,"column":11},"end":{"line":197,"column":24}}},"47":{"name":"(anonymous_47)","line":202,"loc":{"start":{"line":202,"column":47},"end":{"line":202,"column":75}}},"48":{"name":"(anonymous_48)","line":205,"loc":{"start":{"line":205,"column":45},"end":{"line":205,"column":57}}},"49":{"name":"(anonymous_49)","line":211,"loc":{"start":{"line":211,"column":12},"end":{"line":211,"column":23}}},"50":{"name":"(anonymous_50)","line":218,"loc":{"start":{"line":218,"column":12},"end":{"line":218,"column":23}}},"51":{"name":"(anonymous_51)","line":221,"loc":{"start":{"line":221,"column":11},"end":{"line":221,"column":25}}},"52":{"name":"_readFilesFromRequest","line":227,"loc":{"start":{"line":227,"column":1},"end":{"line":227,"column":41}}},"53":{"name":"(anonymous_53)","line":228,"loc":{"start":{"line":228,"column":21},"end":{"line":228,"column":47}}},"54":{"name":"(anonymous_54)","line":229,"loc":{"start":{"line":229,"column":48},"end":{"line":229,"column":77}}},"55":{"name":"_cleanUpFiles","line":236,"loc":{"start":{"line":236,"column":1},"end":{"line":236,"column":31}}}},"statementMap":{"1":{"start":{"line":1,"column":0},"end":{"line":1,"column":23}},"2":{"start":{"line":2,"column":0},"end":{"line":2,"column":61}},"3":{"start":{"line":3,"column":0},"end":{"line":3,"column":39}},"4":{"start":{"line":4,"column":0},"end":{"line":4,"column":39}},"5":{"start":{"line":5,"column":0},"end":{"line":5,"column":51}},"6":{"start":{"line":6,"column":0},"end":{"line":6,"column":35}},"7":{"start":{"line":7,"column":0},"end":{"line":7,"column":34}},"8":{"start":{"line":8,"column":0},"end":{"line":8,"column":35}},"9":{"start":{"line":9,"column":0},"end":{"line":9,"column":39}},"10":{"start":{"line":10,"column":0},"end":{"line":10,"column":44}},"11":{"start":{"line":11,"column":0},"end":{"line":11,"column":66}},"12":{"start":{"line":13,"column":0},"end":{"line":242,"column":2}},"13":{"start":{"line":14,"column":1},"end":{"line":20,"column":4}},"14":{"start":{"line":15,"column":2},"end":{"line":19,"column":5}},"15":{"start":{"line":16,"column":3},"end":{"line":16,"column":26}},"16":{"start":{"line":18,"column":3},"end":{"line":18,"column":63}},"17":{"start":{"line":22,"column":1},"end":{"line":44,"column":4}},"18":{"start":{"line":23,"column":2},"end":{"line":23,"column":44}},"19":{"start":{"line":24,"column":2},"end":{"line":25,"column":13}},"20":{"start":{"line":25,"column":3},"end":{"line":25,"column":13}},"21":{"start":{"line":26,"column":2},"end":{"line":26,"column":40}},"22":{"start":{"line":27,"column":2},"end":{"line":28,"column":12}},"23":{"start":{"line":28,"column":3},"end":{"line":28,"column":12}},"24":{"start":{"line":30,"column":2},"end":{"line":43,"column":5}},"25":{"start":{"line":38,"column":3},"end":{"line":38,"column":61}},"26":{"start":{"line":40,"column":3},"end":{"line":40,"column":30}},"27":{"start":{"line":42,"column":3},"end":{"line":42,"column":55}},"28":{"start":{"line":46,"column":1},"end":{"line":74,"column":4}},"29":{"start":{"line":47,"column":2},"end":{"line":47,"column":55}},"30":{"start":{"line":48,"column":2},"end":{"line":73,"column":5}},"31":{"start":{"line":52,"column":3},"end":{"line":55,"column":4}},"32":{"start":{"line":53,"column":4},"end":{"line":53,"column":23}},"33":{"start":{"line":54,"column":4},"end":{"line":54,"column":11}},"34":{"start":{"line":57,"column":3},"end":{"line":70,"column":6}},"35":{"start":{"line":58,"column":4},"end":{"line":63,"column":7}},"36":{"start":{"line":65,"column":4},"end":{"line":65,"column":22}},"37":{"start":{"line":66,"column":4},"end":{"line":66,"column":36}},"38":{"start":{"line":67,"column":4},"end":{"line":67,"column":29}},"39":{"start":{"line":68,"column":4},"end":{"line":68,"column":24}},"40":{"start":{"line":69,"column":4},"end":{"line":69,"column":86}},"41":{"start":{"line":72,"column":3},"end":{"line":72,"column":107}},"42":{"start":{"line":76,"column":1},"end":{"line":84,"column":4}},"43":{"start":{"line":77,"column":2},"end":{"line":83,"column":5}},"44":{"start":{"line":78,"column":3},"end":{"line":80,"column":7}},"45":{"start":{"line":82,"column":3},"end":{"line":82,"column":66}},"46":{"start":{"line":86,"column":1},"end":{"line":93,"column":4}},"47":{"start":{"line":87,"column":2},"end":{"line":92,"column":5}},"48":{"start":{"line":88,"column":3},"end":{"line":88,"column":35}},"49":{"start":{"line":89,"column":3},"end":{"line":89,"column":75}},"50":{"start":{"line":91,"column":3},"end":{"line":91,"column":69}},"51":{"start":{"line":95,"column":1},"end":{"line":113,"column":4}},"52":{"start":{"line":96,"column":2},"end":{"line":112,"column":5}},"53":{"start":{"line":97,"column":3},"end":{"line":107,"column":6}},"54":{"start":{"line":98,"column":4},"end":{"line":106,"column":5}},"55":{"start":{"line":99,"column":5},"end":{"line":105,"column":8}},"56":{"start":{"line":103,"column":6},"end":{"line":104,"column":60}},"57":{"start":{"line":104,"column":7},"end":{"line":104,"column":60}},"58":{"start":{"line":109,"column":3},"end":{"line":109,"column":22}},"59":{"start":{"line":111,"column":3},"end":{"line":111,"column":58}},"60":{"start":{"line":115,"column":1},"end":{"line":136,"column":4}},"61":{"start":{"line":116,"column":2},"end":{"line":135,"column":5}},"62":{"start":{"line":117,"column":3},"end":{"line":117,"column":29}},"63":{"start":{"line":118,"column":3},"end":{"line":118,"column":35}},"64":{"start":{"line":119,"column":3},"end":{"line":130,"column":6}},"65":{"start":{"line":120,"column":4},"end":{"line":120,"column":30}},"66":{"start":{"line":121,"column":4},"end":{"line":129,"column":7}},"67":{"start":{"line":122,"column":5},"end":{"line":128,"column":8}},"68":{"start":{"line":123,"column":6},"end":{"line":124,"column":58}},"69":{"start":{"line":124,"column":7},"end":{"line":124,"column":58}},"70":{"start":{"line":126,"column":6},"end":{"line":127,"column":140}},"71":{"start":{"line":127,"column":7},"end":{"line":127,"column":140}},"72":{"start":{"line":132,"column":3},"end":{"line":132,"column":22}},"73":{"start":{"line":134,"column":3},"end":{"line":134,"column":52}},"74":{"start":{"line":138,"column":1},"end":{"line":177,"column":4}},"75":{"start":{"line":139,"column":2},"end":{"line":176,"column":5}},"76":{"start":{"line":140,"column":3},"end":{"line":163,"column":6}},"77":{"start":{"line":149,"column":4},"end":{"line":149,"column":26}},"78":{"start":{"line":150,"column":4},"end":{"line":150,"column":37}},"79":{"start":{"line":151,"column":4},"end":{"line":151,"column":35}},"80":{"start":{"line":152,"column":4},"end":{"line":152,"column":41}},"81":{"start":{"line":153,"column":4},"end":{"line":153,"column":31}},"82":{"start":{"line":154,"column":4},"end":{"line":154,"column":37}},"83":{"start":{"line":155,"column":4},"end":{"line":155,"column":37}},"84":{"start":{"line":156,"column":4},"end":{"line":156,"column":31}},"85":{"start":{"line":157,"column":4},"end":{"line":157,"column":27}},"86":{"start":{"line":158,"column":4},"end":{"line":158,"column":30}},"87":{"start":{"line":159,"column":4},"end":{"line":159,"column":31}},"88":{"start":{"line":160,"column":4},"end":{"line":160,"column":39}},"89":{"start":{"line":161,"column":4},"end":{"line":161,"column":40}},"90":{"start":{"line":162,"column":4},"end":{"line":162,"column":44}},"91":{"start":{"line":165,"column":3},"end":{"line":171,"column":6}},"92":{"start":{"line":166,"column":4},"end":{"line":167,"column":59}},"93":{"start":{"line":167,"column":5},"end":{"line":167,"column":59}},"94":{"start":{"line":169,"column":4},"end":{"line":170,"column":116}},"95":{"start":{"line":170,"column":5},"end":{"line":170,"column":116}},"96":{"start":{"line":173,"column":3},"end":{"line":173,"column":22}},"97":{"start":{"line":175,"column":3},"end":{"line":175,"column":58}},"98":{"start":{"line":179,"column":1},"end":{"line":200,"column":4}},"99":{"start":{"line":180,"column":2},"end":{"line":180,"column":12}},"100":{"start":{"line":181,"column":2},"end":{"line":199,"column":5}},"101":{"start":{"line":186,"column":3},"end":{"line":194,"column":4}},"102":{"start":{"line":187,"column":4},"end":{"line":193,"column":7}},"103":{"start":{"line":191,"column":5},"end":{"line":192,"column":59}},"104":{"start":{"line":192,"column":6},"end":{"line":192,"column":59}},"105":{"start":{"line":196,"column":3},"end":{"line":196,"column":22}},"106":{"start":{"line":198,"column":3},"end":{"line":198,"column":58}},"107":{"start":{"line":202,"column":1},"end":{"line":225,"column":4}},"108":{"start":{"line":203,"column":2},"end":{"line":203,"column":17}},"109":{"start":{"line":204,"column":2},"end":{"line":204,"column":17}},"110":{"start":{"line":205,"column":2},"end":{"line":224,"column":5}},"111":{"start":{"line":206,"column":3},"end":{"line":209,"column":4}},"112":{"start":{"line":207,"column":4},"end":{"line":207,"column":140}},"113":{"start":{"line":208,"column":4},"end":{"line":208,"column":29}},"114":{"start":{"line":210,"column":3},"end":{"line":210,"column":29}},"115":{"start":{"line":212,"column":3},"end":{"line":212,"column":20}},"116":{"start":{"line":213,"column":3},"end":{"line":216,"column":4}},"117":{"start":{"line":214,"column":4},"end":{"line":214,"column":28}},"118":{"start":{"line":215,"column":4},"end":{"line":215,"column":157}},"119":{"start":{"line":217,"column":3},"end":{"line":217,"column":18}},"120":{"start":{"line":219,"column":3},"end":{"line":219,"column":22}},"121":{"start":{"line":220,"column":3},"end":{"line":220,"column":31}},"122":{"start":{"line":222,"column":3},"end":{"line":222,"column":60}},"123":{"start":{"line":223,"column":3},"end":{"line":223,"column":31}},"124":{"start":{"line":227,"column":1},"end":{"line":234,"column":2}},"125":{"start":{"line":228,"column":2},"end":{"line":233,"column":5}},"126":{"start":{"line":229,"column":3},"end":{"line":232,"column":6}},"127":{"start":{"line":230,"column":4},"end":{"line":231,"column":24}},"128":{"start":{"line":230,"column":13},"end":{"line":230,"column":25}},"129":{"start":{"line":231,"column":9},"end":{"line":231,"column":24}},"130":{"start":{"line":236,"column":1},"end":{"line":241,"column":2}},"131":{"start":{"line":237,"column":2},"end":{"line":237,"column":19}},"132":{"start":{"line":238,"column":2},"end":{"line":239,"column":42}},"133":{"start":{"line":239,"column":3},"end":{"line":239,"column":42}},"134":{"start":{"line":240,"column":2},"end":{"line":240,"column":30}}},"branchMap":{"1":{"line":24,"type":"if","locations":[{"start":{"line":24,"column":2},"end":{"line":24,"column":2}},{"start":{"line":24,"column":2},"end":{"line":24,"column":2}}]},"2":{"line":27,"type":"if","locations":[{"start":{"line":27,"column":2},"end":{"line":27,"column":2}},{"start":{"line":27,"column":2},"end":{"line":27,"column":2}}]},"3":{"line":52,"type":"if","locations":[{"start":{"line":52,"column":3},"end":{"line":52,"column":3}},{"start":{"line":52,"column":3},"end":{"line":52,"column":3}}]},"4":{"line":98,"type":"if","locations":[{"start":{"line":98,"column":4},"end":{"line":98,"column":4}},{"start":{"line":98,"column":4},"end":{"line":98,"column":4}}]},"5":{"line":103,"type":"if","locations":[{"start":{"line":103,"column":6},"end":{"line":103,"column":6}},{"start":{"line":103,"column":6},"end":{"line":103,"column":6}}]},"6":{"line":123,"type":"if","locations":[{"start":{"line":123,"column":6},"end":{"line":123,"column":6}},{"start":{"line":123,"column":6},"end":{"line":123,"column":6}}]},"7":{"line":126,"type":"if","locations":[{"start":{"line":126,"column":6},"end":{"line":126,"column":6}},{"start":{"line":126,"column":6},"end":{"line":126,"column":6}}]},"8":{"line":166,"type":"if","locations":[{"start":{"line":166,"column":4},"end":{"line":166,"column":4}},{"start":{"line":166,"column":4},"end":{"line":166,"column":4}}]},"9":{"line":169,"type":"if","locations":[{"start":{"line":169,"column":4},"end":{"line":169,"column":4}},{"start":{"line":169,"column":4},"end":{"line":169,"column":4}}]},"10":{"line":186,"type":"if","locations":[{"start":{"line":186,"column":3},"end":{"line":186,"column":3}},{"start":{"line":186,"column":3},"end":{"line":186,"column":3}}]},"11":{"line":191,"type":"if","locations":[{"start":{"line":191,"column":5},"end":{"line":191,"column":5}},{"start":{"line":191,"column":5},"end":{"line":191,"column":5}}]},"12":{"line":230,"type":"if","locations":[{"start":{"line":230,"column":4},"end":{"line":230,"column":4}},{"start":{"line":230,"column":4},"end":{"line":230,"column":4}}]}}},"/Users/charrington/Code/IssueTracker/controllers/notifications.js":{"path":"/Users/charrington/Code/IssueTracker/controllers/notifications.js","s":{"1":1,"2":1,"3":1,"4":1,"5":1,"6":13,"7":3,"8":2,"9":1,"10":2,"11":13,"12":3,"13":3,"14":3,"15":9,"16":3,"17":2,"18":1,"19":13,"20":4,"21":3,"22":3,"23":3,"24":3,"25":3,"26":2,"27":2},"b":{},"f":{"1":13,"2":3,"3":2,"4":1,"5":2,"6":3,"7":2,"8":1,"9":4,"10":3,"11":2,"12":2},"fnMap":{"1":{"name":"(anonymous_1)","line":6,"loc":{"start":{"line":6,"column":17},"end":{"line":6,"column":31}}},"2":{"name":"(anonymous_2)","line":7,"loc":{"start":{"line":7,"column":41},"end":{"line":7,"column":69}}},"3":{"name":"(anonymous_3)","line":8,"loc":{"start":{"line":8,"column":59},"end":{"line":8,"column":83}}},"4":{"name":"(anonymous_4)","line":10,"loc":{"start":{"line":10,"column":10},"end":{"line":10,"column":27}}},"5":{"name":"(anonymous_5)","line":12,"loc":{"start":{"line":12,"column":11},"end":{"line":12,"column":23}}},"6":{"name":"(anonymous_6)","line":17,"loc":{"start":{"line":17,"column":60},"end":{"line":17,"column":88}}},"7":{"name":"(anonymous_7)","line":23,"loc":{"start":{"line":23,"column":41},"end":{"line":23,"column":52}}},"8":{"name":"(anonymous_8)","line":25,"loc":{"start":{"line":25,"column":17},"end":{"line":25,"column":31}}},"9":{"name":"(anonymous_9)","line":30,"loc":{"start":{"line":30,"column":48},"end":{"line":30,"column":76}}},"10":{"name":"(anonymous_10)","line":31,"loc":{"start":{"line":31,"column":57},"end":{"line":31,"column":72}}},"11":{"name":"(anonymous_11)","line":37,"loc":{"start":{"line":37,"column":10},"end":{"line":37,"column":21}}},"12":{"name":"(anonymous_12)","line":39,"loc":{"start":{"line":39,"column":11},"end":{"line":39,"column":23}}}},"statementMap":{"1":{"start":{"line":1,"column":0},"end":{"line":1,"column":51}},"2":{"start":{"line":2,"column":0},"end":{"line":2,"column":61}},"3":{"start":{"line":3,"column":0},"end":{"line":3,"column":39}},"4":{"start":{"line":4,"column":0},"end":{"line":4,"column":34}},"5":{"start":{"line":6,"column":0},"end":{"line":43,"column":2}},"6":{"start":{"line":7,"column":1},"end":{"line":15,"column":4}},"7":{"start":{"line":8,"column":2},"end":{"line":14,"column":5}},"8":{"start":{"line":9,"column":3},"end":{"line":9,"column":82}},"9":{"start":{"line":11,"column":3},"end":{"line":11,"column":30}},"10":{"start":{"line":13,"column":3},"end":{"line":13,"column":68}},"11":{"start":{"line":17,"column":4},"end":{"line":28,"column":7}},"12":{"start":{"line":18,"column":8},"end":{"line":18,"column":25}},"13":{"start":{"line":19,"column":8},"end":{"line":19,"column":58}},"14":{"start":{"line":20,"column":8},"end":{"line":21,"column":71}},"15":{"start":{"line":21,"column":12},"end":{"line":21,"column":71}},"16":{"start":{"line":23,"column":8},"end":{"line":27,"column":11}},"17":{"start":{"line":24,"column":12},"end":{"line":24,"column":31}},"18":{"start":{"line":26,"column":12},"end":{"line":26,"column":84}},"19":{"start":{"line":30,"column":1},"end":{"line":42,"column":4}},"20":{"start":{"line":31,"column":2},"end":{"line":42,"column":1}},"21":{"start":{"line":32,"column":3},"end":{"line":32,"column":91}},"22":{"start":{"line":33,"column":3},"end":{"line":33,"column":89}},"23":{"start":{"line":34,"column":3},"end":{"line":34,"column":89}},"24":{"start":{"line":35,"column":3},"end":{"line":35,"column":117}},"25":{"start":{"line":36,"column":3},"end":{"line":36,"column":41}},"26":{"start":{"line":38,"column":3},"end":{"line":38,"column":22}},"27":{"start":{"line":40,"column":3},"end":{"line":40,"column":80}}},"branchMap":{}},"/Users/charrington/Code/IssueTracker/controllers/root.js":{"path":"/Users/charrington/Code/IssueTracker/controllers/root.js","s":{"1":1,"2":1,"3":1,"4":1,"5":1,"6":1,"7":1,"8":1,"9":1,"10":23,"11":22,"12":21,"13":17,"14":5},"b":{"1":[20,1],"2":[21,2,1],"3":[2,19],"4":[16,1]},"f":{"1":23,"2":22,"3":21,"4":17,"5":5},"fnMap":{"1":{"name":"(anonymous_1)","line":11,"loc":{"start":{"line":11,"column":17},"end":{"line":11,"column":31}}},"2":{"name":"(anonymous_2)","line":12,"loc":{"start":{"line":12,"column":14},"end":{"line":12,"column":43}}},"3":{"name":"(anonymous_3)","line":22,"loc":{"start":{"line":22,"column":12},"end":{"line":22,"column":104}}},"4":{"name":"(anonymous_4)","line":37,"loc":{"start":{"line":37,"column":12},"end":{"line":37,"column":149}}},"5":{"name":"(anonymous_5)","line":51,"loc":{"start":{"line":51,"column":11},"end":{"line":51,"column":24}}}},"statementMap":{"1":{"start":{"line":1,"column":0},"end":{"line":1,"column":34}},"2":{"start":{"line":3,"column":0},"end":{"line":3,"column":35}},"3":{"start":{"line":4,"column":0},"end":{"line":4,"column":45}},"4":{"start":{"line":5,"column":0},"end":{"line":5,"column":35}},"5":{"start":{"line":6,"column":0},"end":{"line":6,"column":39}},"6":{"start":{"line":7,"column":0},"end":{"line":7,"column":39}},"7":{"start":{"line":8,"column":0},"end":{"line":8,"column":51}},"8":{"start":{"line":9,"column":0},"end":{"line":9,"column":45}},"9":{"start":{"line":11,"column":0},"end":{"line":55,"column":2}},"10":{"start":{"line":12,"column":1},"end":{"line":54,"column":4}},"11":{"start":{"line":13,"column":2},"end":{"line":53,"column":5}},"12":{"start":{"line":23,"column":3},"end":{"line":36,"column":6}},"13":{"start":{"line":38,"column":3},"end":{"line":50,"column":12}},"14":{"start":{"line":52,"column":3},"end":{"line":52,"column":50}}},"branchMap":{"1":{"line":32,"type":"cond-expr","locations":[{"start":{"line":32,"column":111},"end":{"line":32,"column":115}},{"start":{"line":32,"column":118},"end":{"line":32,"column":122}}]},"2":{"line":32,"type":"binary-expr","locations":[{"start":{"line":32,"column":42},"end":{"line":32,"column":47}},{"start":{"line":32,"column":52},"end":{"line":32,"column":75}},{"start":{"line":32,"column":79},"end":{"line":32,"column":107}}]},"3":{"line":33,"type":"cond-expr","locations":[{"start":{"line":33,"column":55},"end":{"line":33,"column":67}},{"start":{"line":33,"column":70},"end":{"line":33,"column":74}}]},"4":{"line":47,"type":"cond-expr","locations":[{"start":{"line":47,"column":43},"end":{"line":47,"column":55}},{"start":{"line":47,"column":58},"end":{"line":47,"column":62}}]}}},"/Users/charrington/Code/IssueTracker/bundling/assets.js":{"path":"/Users/charrington/Code/IssueTracker/bundling/assets.js","s":{"1":1,"2":21,"3":1,"4":21},"b":{},"f":{"1":21,"2":21},"fnMap":{"1":{"name":"(anonymous_1)","line":1,"loc":{"start":{"line":1,"column":18},"end":{"line":1,"column":29}}},"2":{"name":"(anonymous_2)","line":20,"loc":{"start":{"line":20,"column":17},"end":{"line":20,"column":28}}}},"statementMap":{"1":{"start":{"line":1,"column":0},"end":{"line":18,"column":2}},"2":{"start":{"line":2,"column":1},"end":{"line":17,"column":3}},"3":{"start":{"line":20,"column":0},"end":{"line":30,"column":2}},"4":{"start":{"line":21,"column":1},"end":{"line":29,"column":3}}},"branchMap":{}}}