TN:
SF:/Users/chrisharrington/Code/IssueTracker/inheritance.js
FN:3,(anonymous_1)
FNF:1
FNH:1
FNDA:13,(anonymous_1)
DA:3,1
DA:4,13
DA:5,13
DA:7,19
DA:10,13
DA:11,13
LF:6
LH:6
BRF:0
BRH:0
end_of_record
TN:
SF:/Users/chrisharrington/Code/IssueTracker/extensions/string.js
FN:2,(anonymous_1)
FN:12,(anonymous_2)
FN:21,(anonymous_3)
FN:25,(anonymous_4)
FN:29,(anonymous_5)
FNF:5
FNH:0
FNDA:0,(anonymous_1)
FNDA:0,(anonymous_2)
FNDA:0,(anonymous_3)
FNDA:0,(anonymous_4)
FNDA:0,(anonymous_5)
DA:2,1
DA:3,0
DA:4,0
DA:5,0
DA:6,0
DA:8,0
DA:9,0
DA:12,1
DA:13,0
DA:14,0
DA:15,0
DA:16,0
DA:18,0
DA:21,1
DA:22,0
DA:25,1
DA:26,0
DA:29,1
DA:30,0
LF:19
LH:5
BRDA:3,1,0,0
BRDA:3,1,1,0
BRDA:5,2,0,0
BRDA:5,2,1,0
BRDA:13,3,0,0
BRDA:13,3,1,0
BRDA:15,4,0,0
BRDA:15,4,1,0
BRF:8
BRH:0
end_of_record
TN:
SF:/Users/chrisharrington/Code/IssueTracker/data/repositories.js
FNF:0
FNH:0
DA:1,1
DA:3,1
DA:4,1
LF:3
LH:3
BRF:0
BRH:0
end_of_record
TN:
SF:/Users/chrisharrington/Code/IssueTracker/data/repositories/priorityRepository.js
FNF:0
FNH:0
DA:1,1
LF:1
LH:1
BRF:0
BRH:0
end_of_record
TN:
SF:/Users/chrisharrington/Code/IssueTracker/data/repositories/baseRepository.js
FN:4,(anonymous_1)
FN:6,(anonymous_2)
FN:16,(anonymous_3)
FN:27,(anonymous_4)
FN:29,(anonymous_5)
FN:33,(anonymous_6)
FN:40,(anonymous_7)
FN:44,(anonymous_8)
FN:46,(anonymous_9)
FN:50,(anonymous_10)
FN:57,(anonymous_11)
FN:58,(anonymous_12)
FN:65,_applyFilter
FNF:13
FNH:0
FNDA:0,(anonymous_1)
FNDA:0,(anonymous_2)
FNDA:0,(anonymous_3)
FNDA:0,(anonymous_4)
FNDA:0,(anonymous_5)
FNDA:0,(anonymous_6)
FNDA:0,(anonymous_7)
FNDA:0,(anonymous_8)
FNDA:0,(anonymous_9)
FNDA:0,(anonymous_10)
FNDA:0,(anonymous_11)
FNDA:0,(anonymous_12)
FNDA:0,_applyFilter
DA:1,1
DA:3,1
DA:5,0
DA:6,0
DA:7,0
DA:8,0
DA:9,0
DA:10,0
DA:11,0
DA:12,0
DA:13,0
DA:14,0
DA:15,0
DA:16,0
DA:17,0
DA:18,0
DA:19,0
DA:21,0
DA:28,0
DA:29,0
DA:30,0
DA:31,0
DA:32,0
DA:33,0
DA:34,0
DA:35,0
DA:41,0
DA:45,0
DA:46,0
DA:47,0
DA:48,0
DA:49,0
DA:50,0
DA:51,0
DA:52,0
DA:58,0
DA:59,0
DA:60,0
DA:65,1
DA:66,0
DA:67,0
DA:68,0
DA:69,0
DA:70,0
LF:44
LH:3
BRDA:8,1,0,0
BRDA:8,1,1,0
BRDA:10,2,0,0
BRDA:10,2,1,0
BRDA:12,3,0,0
BRDA:12,3,1,0
BRDA:14,4,0,0
BRDA:14,4,1,0
BRDA:17,5,0,0
BRDA:17,5,1,0
BRDA:31,6,0,0
BRDA:31,6,1,0
BRDA:31,7,0,0
BRDA:31,7,1,0
BRDA:34,8,0,0
BRDA:34,8,1,0
BRDA:48,9,0,0
BRDA:48,9,1,0
BRDA:48,10,0,0
BRDA:48,10,1,0
BRDA:51,11,0,0
BRDA:51,11,1,0
BRDA:66,12,0,0
BRDA:66,12,1,0
BRF:24
BRH:0
end_of_record
TN:
SF:/Users/chrisharrington/Code/IssueTracker/data/models.js
FNF:0
FNH:0
DA:1,1
DA:3,1
DA:4,1
LF:3
LH:3
BRF:0
BRH:0
end_of_record
TN:
SF:/Users/chrisharrington/Code/IssueTracker/data/models/project.js
FNF:0
FNH:0
DA:1,1
DA:2,1
DA:4,1
DA:9,1
LF:4
LH:4
BRF:0
BRH:0
end_of_record
TN:
SF:/Users/chrisharrington/Code/IssueTracker/data/models/milestone.js
FNF:0
FNH:0
DA:1,1
DA:2,1
DA:4,1
DA:11,1
LF:4
LH:4
BRF:0
BRH:0
end_of_record
TN:
SF:/Users/chrisharrington/Code/IssueTracker/data/models/priority.js
FN:16,(anonymous_1)
FNF:1
FNH:0
FNDA:0,(anonymous_1)
DA:1,1
DA:2,1
DA:4,1
DA:6,1
DA:14,1
DA:16,1
DA:17,0
DA:18,0
DA:19,0
DA:20,0
DA:21,0
DA:23,0
LF:12
LH:6
BRDA:17,1,0,0
BRDA:17,1,1,0
BRF:2
BRH:0
end_of_record
TN:
SF:/Users/chrisharrington/Code/IssueTracker/data/models/status.js
FNF:0
FNH:0
DA:1,1
DA:2,1
DA:4,1
DA:12,1
LF:4
LH:4
BRF:0
BRH:0
end_of_record
TN:
SF:/Users/chrisharrington/Code/IssueTracker/data/models/issueType.js
FNF:0
FNH:0
DA:1,1
DA:2,1
DA:4,1
DA:11,1
LF:4
LH:4
BRF:0
BRH:0
end_of_record
TN:
SF:/Users/chrisharrington/Code/IssueTracker/data/models/audit.js
FNF:0
FNH:0
DA:1,1
DA:2,1
DA:4,1
DA:14,1
LF:4
LH:4
BRF:0
BRH:0
end_of_record
TN:
SF:/Users/chrisharrington/Code/IssueTracker/data/models/comment.js
FNF:0
FNH:0
DA:1,1
DA:2,1
DA:4,1
DA:13,1
LF:4
LH:4
BRF:0
BRH:0
end_of_record
TN:
SF:/Users/chrisharrington/Code/IssueTracker/data/models/issue.js
FNF:0
FNH:0
DA:1,1
DA:2,1
DA:4,1
DA:32,1
LF:4
LH:4
BRF:0
BRH:0
end_of_record
TN:
SF:/Users/chrisharrington/Code/IssueTracker/data/models/issueAudit.js
FNF:0
FNH:0
DA:1,1
DA:2,1
DA:4,1
DA:12,1
LF:4
LH:4
BRF:0
BRH:0
end_of_record
TN:
SF:/Users/chrisharrington/Code/IssueTracker/data/models/transition.js
FNF:0
FNH:0
DA:1,1
DA:2,1
DA:4,1
DA:13,1
LF:4
LH:4
BRF:0
BRH:0
end_of_record
TN:
SF:/Users/chrisharrington/Code/IssueTracker/data/models/user.js
FNF:0
FNH:0
DA:1,1
DA:2,1
DA:4,1
DA:23,1
LF:4
LH:4
BRF:0
BRH:0
end_of_record
TN:
SF:/Users/chrisharrington/Code/IssueTracker/data/models/issueFile.js
FNF:0
FNH:0
DA:1,1
DA:2,1
DA:4,1
DA:13,1
LF:4
LH:4
BRF:0
BRH:0
end_of_record
TN:
SF:/Users/chrisharrington/Code/IssueTracker/data/models/notification.js
FNF:0
FNH:0
DA:1,1
DA:2,1
DA:4,1
DA:14,1
LF:4
LH:4
BRF:0
BRH:0
end_of_record
TN:
SF:/Users/chrisharrington/Code/IssueTracker/data/repositories/statusRepository.js
FNF:0
FNH:0
DA:1,1
LF:1
LH:1
BRF:0
BRH:0
end_of_record
TN:
SF:/Users/chrisharrington/Code/IssueTracker/data/repositories/issueTypeRepository.js
FNF:0
FNH:0
DA:1,1
LF:1
LH:1
BRF:0
BRH:0
end_of_record
TN:
SF:/Users/chrisharrington/Code/IssueTracker/data/repositories/projectRepository.js
FNF:0
FNH:0
DA:1,1
LF:1
LH:1
BRF:0
BRH:0
end_of_record
TN:
SF:/Users/chrisharrington/Code/IssueTracker/data/repositories/milestoneRepository.js
FNF:0
FNH:0
DA:1,1
LF:1
LH:1
BRF:0
BRH:0
end_of_record
TN:
SF:/Users/chrisharrington/Code/IssueTracker/data/repositories/auditRepository.js
FNF:0
FNH:0
DA:1,1
LF:1
LH:1
BRF:0
BRH:0
end_of_record
TN:
SF:/Users/chrisharrington/Code/IssueTracker/data/repositories/commentRepository.js
FN:8,(anonymous_1)
FN:10,(anonymous_2)
FN:11,(anonymous_3)
FN:15,(anonymous_4)
FN:20,(anonymous_5)
FNF:5
FNH:0
FNDA:0,(anonymous_1)
FNDA:0,(anonymous_2)
FNDA:0,(anonymous_3)
FNDA:0,(anonymous_4)
FNDA:0,(anonymous_5)
DA:1,1
DA:2,1
DA:4,1
DA:8,1
DA:9,0
DA:10,0
DA:11,0
DA:12,0
DA:13,0
DA:16,0
DA:20,1
DA:21,0
DA:24,1
LF:13
LH:6
BRDA:12,1,0,0
BRDA:12,1,1,0
BRF:2
BRH:0
end_of_record
TN:
SF:/Users/chrisharrington/Code/IssueTracker/data/repositories/issueRepository.js
FN:7,(anonymous_1)
FN:9,(anonymous_2)
FN:14,(anonymous_3)
FN:21,(anonymous_4)
FN:23,(anonymous_5)
FN:28,(anonymous_6)
FN:38,(anonymous_7)
FN:64,(anonymous_8)
FN:66,(anonymous_9)
FN:67,(anonymous_10)
FN:74,_buildSort
FN:85,_applyFilters
FNF:12
FNH:0
FNDA:0,(anonymous_1)
FNDA:0,(anonymous_2)
FNDA:0,(anonymous_3)
FNDA:0,(anonymous_4)
FNDA:0,(anonymous_5)
FNDA:0,(anonymous_6)
FNDA:0,(anonymous_7)
FNDA:0,(anonymous_8)
FNDA:0,(anonymous_9)
FNDA:0,(anonymous_10)
FNDA:0,_buildSort
FNDA:0,_applyFilters
DA:1,1
DA:3,1
DA:7,1
DA:8,0
DA:9,0
DA:10,0
DA:15,0
DA:16,0
DA:21,1
DA:22,0
DA:23,0
DA:24,0
DA:28,1
DA:29,0
DA:30,0
DA:39,0
DA:40,0
DA:41,0
DA:42,0
DA:43,0
DA:44,0
DA:45,0
DA:46,0
DA:47,0
DA:48,0
DA:49,0
DA:50,0
DA:51,0
DA:52,0
DA:53,0
DA:54,0
DA:55,0
DA:56,0
DA:57,0
DA:58,0
DA:59,0
DA:60,0
DA:64,1
DA:65,0
DA:66,0
DA:67,0
DA:68,0
DA:69,0
DA:74,1
DA:75,0
DA:76,0
DA:77,0
DA:78,0
DA:79,0
DA:80,0
DA:81,0
DA:82,0
DA:85,1
DA:86,0
DA:87,0
DA:88,0
DA:89,0
DA:90,0
DA:91,0
DA:92,0
DA:95,1
LF:61
LH:9
BRDA:15,1,0,0
BRDA:15,1,1,0
BRDA:58,2,0,0
BRDA:58,2,1,0
BRDA:58,3,0,0
BRDA:58,3,1,0
BRDA:68,4,0,0
BRDA:68,4,1,0
BRDA:75,5,0,0
BRDA:75,5,1,0
BRDA:77,6,0,0
BRDA:77,6,1,0
BRDA:80,7,0,0
BRDA:80,7,1,0
BRF:14
BRH:0
end_of_record
TN:
SF:/Users/chrisharrington/Code/IssueTracker/data/repositories/issueAuditRepository.js
FN:5,(anonymous_1)
FN:6,(anonymous_2)
FNF:2
FNH:0
FNDA:0,(anonymous_1)
FNDA:0,(anonymous_2)
DA:1,1
DA:5,1
DA:6,0
DA:7,0
DA:11,1
LF:5
LH:3
BRF:0
BRH:0
end_of_record
TN:
SF:/Users/chrisharrington/Code/IssueTracker/data/repositories/transitionRepository.js
FN:5,(anonymous_1)
FN:6,(anonymous_2)
FNF:2
FNH:0
FNDA:0,(anonymous_1)
FNDA:0,(anonymous_2)
DA:1,1
DA:5,1
DA:6,0
DA:7,0
DA:11,1
LF:5
LH:3
BRF:0
BRH:0
end_of_record
TN:
SF:/Users/chrisharrington/Code/IssueTracker/data/repositories/userRepository.js
FNF:0
FNH:0
DA:1,1
LF:1
LH:1
BRF:0
BRH:0
end_of_record
TN:
SF:/Users/chrisharrington/Code/IssueTracker/data/repositories/issueFileRepository.js
FN:5,(anonymous_1)
FN:6,(anonymous_2)
FNF:2
FNH:0
FNDA:0,(anonymous_1)
FNDA:0,(anonymous_2)
DA:1,1
DA:5,1
DA:6,0
DA:7,0
DA:11,1
LF:5
LH:3
BRF:0
BRH:0
end_of_record
TN:
SF:/Users/chrisharrington/Code/IssueTracker/data/repositories/notificationRepository.js
FN:7,(anonymous_1)
FN:9,(anonymous_2)
FN:10,(anonymous_3)
FN:17,(anonymous_4)
FN:18,(anonymous_5)
FN:24,(anonymous_6)
FN:26,(anonymous_7)
FNF:7
FNH:0
FNDA:0,(anonymous_1)
FNDA:0,(anonymous_2)
FNDA:0,(anonymous_3)
FNDA:0,(anonymous_4)
FNDA:0,(anonymous_5)
FNDA:0,(anonymous_6)
FNDA:0,(anonymous_7)
DA:1,1
DA:3,1
DA:7,1
DA:8,0
DA:9,0
DA:10,0
DA:11,0
DA:12,0
DA:17,1
DA:18,0
DA:19,0
DA:20,0
DA:24,1
DA:25,0
DA:26,0
DA:27,0
DA:28,0
DA:29,0
DA:30,0
DA:34,1
LF:20
LH:6
BRDA:11,1,0,0
BRDA:11,1,1,0
BRF:2
BRH:0
end_of_record
TN:
SF:/Users/chrisharrington/Code/IssueTracker/authentication/authenticate.js
FN:5,(anonymous_1)
FN:6,(anonymous_2)
FN:15,(anonymous_3)
FNF:3
FNH:3
FNDA:5,(anonymous_1)
FNDA:4,(anonymous_2)
FNDA:1,(anonymous_3)
DA:1,1
DA:2,1
DA:3,1
DA:5,1
DA:6,5
DA:7,4
DA:8,4
DA:9,2
DA:11,2
DA:12,2
DA:13,2
DA:16,1
LF:12
LH:12
BRDA:8,1,0,2
BRDA:8,1,1,2
BRDA:8,2,0,4
BRDA:8,2,1,2
BRDA:8,2,2,1
BRF:5
BRH:5
end_of_record
TN:
SF:/Users/chrisharrington/Code/IssueTracker/bundling/bundler.js
FN:3,(anonymous_1)
FN:4,(anonymous_2)
FN:9,(anonymous_3)
FN:10,(anonymous_4)
FN:15,_concatenate
FN:16,(anonymous_6)
FN:18,(anonymous_7)
FN:23,_stat
FN:24,(anonymous_9)
FN:29,_handleAsset
FN:38,_addFilesFromDirectory
FN:39,(anonymous_12)
FN:40,(anonymous_13)
FNF:13
FNH:13
FNDA:2,(anonymous_1)
FNDA:2,(anonymous_2)
FNDA:3,(anonymous_3)
FNDA:5,(anonymous_4)
FNDA:2,_concatenate
FNDA:4,(anonymous_6)
FNDA:4,(anonymous_7)
FNDA:5,_stat
FNDA:5,(anonymous_9)
FNDA:5,_handleAsset
FNDA:1,_addFilesFromDirectory
FNDA:1,(anonymous_12)
FNDA:2,(anonymous_13)
DA:1,1
DA:3,1
DA:4,2
DA:5,2
DA:9,1
DA:10,3
DA:11,5
DA:15,1
DA:16,2
DA:17,4
DA:19,4
DA:23,1
DA:24,5
DA:25,5
DA:29,1
DA:30,5
DA:31,4
DA:32,4
DA:35,1
DA:38,1
DA:39,1
DA:40,1
DA:41,2
LF:23
LH:23
BRDA:12,1,0,3
BRDA:12,1,1,2
BRDA:30,2,0,4
BRDA:30,2,1,1
BRF:4
BRH:4
end_of_record
TN:
SF:/Users/chrisharrington/Code/IssueTracker/bundling/scriptBundler.js
FN:5,(anonymous_1)
FN:11,_handleDevelopment
FN:12,(anonymous_3)
FN:13,(anonymous_4)
FN:19,_handleProduction
FN:20,(anonymous_6)
FN:22,(anonymous_7)
FN:31,_addScriptRoute
FN:32,(anonymous_9)
FNF:9
FNH:9
FNDA:7,(anonymous_1)
FNDA:3,_handleDevelopment
FNDA:3,(anonymous_3)
FNDA:4,(anonymous_4)
FNDA:4,_handleProduction
FNDA:4,(anonymous_6)
FNDA:4,(anonymous_7)
FNDA:3,_addScriptRoute
FNDA:1,(anonymous_9)
DA:1,1
DA:2,1
DA:3,1
DA:5,1
DA:6,7
DA:7,3
DA:8,4
DA:11,1
DA:12,3
DA:13,3
DA:14,4
DA:19,1
DA:20,4
DA:21,4
DA:23,4
DA:24,1
DA:26,3
DA:27,3
DA:31,1
DA:32,3
DA:33,1
DA:34,1
DA:35,1
LF:23
LH:23
BRDA:6,1,0,3
BRDA:6,1,1,4
BRDA:23,2,0,1
BRDA:23,2,1,3
BRDA:27,3,0,3
BRDA:27,3,1,1
BRF:6
BRH:6
end_of_record
TN:
SF:/Users/chrisharrington/Code/IssueTracker/bundling/styleBundler.js
FN:6,(anonymous_1)
FN:7,(anonymous_2)
FN:9,(anonymous_3)
FN:11,(anonymous_4)
FN:13,(anonymous_5)
FNF:5
FNH:5
FNDA:5,(anonymous_1)
FNDA:5,(anonymous_2)
FNDA:5,(anonymous_3)
FNDA:5,(anonymous_4)
FNDA:1,(anonymous_5)
DA:1,1
DA:2,1
DA:3,1
DA:4,1
DA:6,1
DA:7,5
DA:8,5
DA:10,5
DA:12,5
DA:13,5
DA:14,1
DA:15,1
DA:16,1
DA:18,5
LF:14
LH:14
BRDA:10,1,0,2
BRDA:10,1,1,3
BRDA:18,2,0,5
BRDA:18,2,1,4
BRF:4
BRH:4
end_of_record
TN:
SF:/Users/chrisharrington/Code/IssueTracker/data/mapper.js
FN:6,(anonymous_1)
FN:10,(anonymous_2)
FN:37,(anonymous_3)
FN:44,(anonymous_4)
FN:52,(anonymous_5)
FN:57,(anonymous_6)
FN:58,(anonymous_7)
FN:62,(anonymous_8)
FN:64,(anonymous_9)
FN:65,(anonymous_10)
FN:68,(anonymous_11)
FN:88,(anonymous_12)
FN:89,(anonymous_13)
FN:90,(anonymous_14)
FN:91,(anonymous_15)
FN:111,(anonymous_16)
FN:112,(anonymous_17)
FN:116,_getCombinedKey
FNF:18
FNH:1
FNDA:0,(anonymous_1)
FNDA:0,(anonymous_2)
FNDA:3,(anonymous_3)
FNDA:0,(anonymous_4)
FNDA:0,(anonymous_5)
FNDA:0,(anonymous_6)
FNDA:0,(anonymous_7)
FNDA:0,(anonymous_8)
FNDA:0,(anonymous_9)
FNDA:0,(anonymous_10)
FNDA:0,(anonymous_11)
FNDA:0,(anonymous_12)
FNDA:0,(anonymous_13)
FNDA:0,(anonymous_14)
FNDA:0,(anonymous_15)
FNDA:0,(anonymous_16)
FNDA:0,(anonymous_17)
FNDA:0,_getCombinedKey
DA:1,1
DA:2,1
DA:4,1
DA:6,1
DA:7,0
DA:10,1
DA:11,0
DA:12,0
DA:13,0
DA:15,0
DA:16,0
DA:17,0
DA:19,0
DA:20,0
DA:21,0
DA:22,0
DA:23,0
DA:24,0
DA:25,0
DA:27,0
DA:28,0
DA:30,0
DA:32,0
DA:33,0
DA:37,1
DA:38,3
DA:39,3
DA:40,0
DA:41,3
DA:44,1
DA:45,0
DA:46,0
DA:47,0
DA:48,0
DA:49,0
DA:50,0
DA:51,0
DA:52,0
DA:53,0
DA:57,0
DA:59,0
DA:61,0
DA:62,0
DA:64,0
DA:65,0
DA:67,0
DA:68,0
DA:71,0
DA:88,0
DA:89,0
DA:90,0
DA:91,0
DA:94,0
DA:111,0
DA:112,0
DA:116,1
DA:117,0
LF:57
LH:11
BRDA:12,1,0,0
BRDA:12,1,1,0
BRDA:16,2,0,0
BRDA:16,2,1,0
BRDA:16,3,0,0
BRDA:16,3,1,0
BRDA:24,4,0,0
BRDA:24,4,1,0
BRDA:57,5,0,0
BRDA:57,5,1,0
BRDA:59,6,0,0
BRDA:59,6,1,0
BRDA:90,7,0,0
BRDA:90,7,1,0
BRDA:112,8,0,0
BRDA:112,8,1,0
BRDA:112,9,0,0
BRDA:112,9,1,0
BRF:18
BRH:0
end_of_record
TN:
SF:/Users/chrisharrington/Code/IssueTracker/config.js
FN:4,(anonymous_1)
FN:13,_dev
FN:21,_prod
FN:29,_defaults
FNF:4
FNH:3
FNDA:1,(anonymous_1)
FNDA:1,_dev
FNDA:0,_prod
FNDA:1,_defaults
DA:1,1
DA:2,1
DA:4,1
DA:5,1
DA:6,1
DA:7,1
DA:8,0
DA:9,0
DA:13,1
DA:14,1
DA:15,1
DA:21,1
DA:22,0
DA:23,0
DA:29,1
DA:30,1
LF:16
LH:12
BRDA:6,1,0,1
BRDA:6,1,1,0
BRDA:6,1,2,0
BRF:3
BRH:1
end_of_record
TN:
SF:/Users/chrisharrington/Code/IssueTracker/controllers/issues.js
FN:13,(anonymous_1)
FN:14,(anonymous_2)
FN:15,(anonymous_3)
FN:17,(anonymous_4)
FN:22,(anonymous_5)
FN:37,(anonymous_6)
FN:40,(anonymous_7)
FN:45,(anonymous_8)
FN:50,(anonymous_9)
FN:58,(anonymous_10)
FN:67,(anonymous_11)
FN:72,(anonymous_12)
FN:73,(anonymous_13)
FN:77,(anonymous_14)
FN:82,(anonymous_15)
FN:83,(anonymous_16)
FN:86,(anonymous_17)
FN:93,(anonymous_18)
FN:95,(anonymous_19)
FN:98,(anonymous_20)
FN:103,(anonymous_21)
FN:105,(anonymous_22)
FN:112,(anonymous_23)
FN:116,(anonymous_24)
FN:119,(anonymous_25)
FN:121,(anonymous_26)
FN:124,(anonymous_27)
FN:128,(anonymous_28)
FN:130,(anonymous_29)
FN:137,(anonymous_30)
FN:147,(anonymous_31)
FN:162,(anonymous_32)
FN:165,(anonymous_33)
FN:170,(anonymous_34)
FN:172,(anonymous_35)
FN:179,(anonymous_36)
FN:181,(anonymous_37)
FN:184,(anonymous_38)
FN:186,(anonymous_39)
FN:189,(anonymous_40)
FN:194,(anonymous_41)
FN:196,(anonymous_42)
FN:203,(anonymous_43)
FN:206,(anonymous_44)
FN:214,(anonymous_45)
FN:221,(anonymous_46)
FN:224,(anonymous_47)
FN:232,_readFilesFromRequest
FN:233,(anonymous_49)
FN:234,(anonymous_50)
FN:241,_cleanUpFiles
FN:243,(anonymous_52)
FNF:52
FNH:9
FNDA:12,(anonymous_1)
FNDA:3,(anonymous_2)
FNDA:2,(anonymous_3)
FNDA:1,(anonymous_4)
FNDA:6,(anonymous_5)
FNDA:5,(anonymous_6)
FNDA:2,(anonymous_7)
FNDA:1,(anonymous_8)
FNDA:1,(anonymous_9)
FNDA:0,(anonymous_10)
FNDA:0,(anonymous_11)
FNDA:0,(anonymous_12)
FNDA:0,(anonymous_13)
FNDA:0,(anonymous_14)
FNDA:0,(anonymous_15)
FNDA:0,(anonymous_16)
FNDA:0,(anonymous_17)
FNDA:0,(anonymous_18)
FNDA:0,(anonymous_19)
FNDA:0,(anonymous_20)
FNDA:0,(anonymous_21)
FNDA:0,(anonymous_22)
FNDA:0,(anonymous_23)
FNDA:0,(anonymous_24)
FNDA:0,(anonymous_25)
FNDA:0,(anonymous_26)
FNDA:0,(anonymous_27)
FNDA:0,(anonymous_28)
FNDA:0,(anonymous_29)
FNDA:0,(anonymous_30)
FNDA:0,(anonymous_31)
FNDA:0,(anonymous_32)
FNDA:0,(anonymous_33)
FNDA:0,(anonymous_34)
FNDA:0,(anonymous_35)
FNDA:0,(anonymous_36)
FNDA:0,(anonymous_37)
FNDA:0,(anonymous_38)
FNDA:0,(anonymous_39)
FNDA:0,(anonymous_40)
FNDA:0,(anonymous_41)
FNDA:0,(anonymous_42)
FNDA:0,(anonymous_43)
FNDA:0,(anonymous_44)
FNDA:0,(anonymous_45)
FNDA:0,(anonymous_46)
FNDA:0,(anonymous_47)
FNDA:0,_readFilesFromRequest
FNDA:0,(anonymous_49)
FNDA:0,(anonymous_50)
FNDA:0,_cleanUpFiles
FNDA:0,(anonymous_52)
DA:1,1
DA:2,1
DA:3,1
DA:4,1
DA:5,1
DA:6,1
DA:7,1
DA:8,1
DA:9,1
DA:10,1
DA:11,1
DA:13,1
DA:14,12
DA:15,3
DA:16,2
DA:18,1
DA:22,12
DA:23,6
DA:24,6
DA:25,0
DA:26,6
DA:27,6
DA:28,0
DA:30,6
DA:38,5
DA:39,4
DA:41,2
DA:45,12
DA:46,1
DA:47,1
DA:51,1
DA:52,1
DA:53,1
DA:56,0
DA:57,0
DA:58,0
DA:59,0
DA:60,0
DA:61,0
DA:62,0
DA:63,0
DA:68,0
DA:72,12
DA:73,0
DA:74,0
DA:78,0
DA:82,12
DA:83,0
DA:84,0
DA:85,0
DA:87,0
DA:88,0
DA:89,0
DA:93,12
DA:94,0
DA:95,0
DA:96,0
DA:97,0
DA:98,0
DA:99,0
DA:100,0
DA:104,0
DA:106,0
DA:107,0
DA:108,0
DA:112,12
DA:113,0
DA:114,0
DA:115,0
DA:116,0
DA:117,0
DA:118,0
DA:120,0
DA:122,0
DA:123,0
DA:124,0
DA:125,0
DA:126,0
DA:129,0
DA:131,0
DA:132,0
DA:133,0
DA:137,12
DA:138,0
DA:139,0
DA:148,0
DA:149,0
DA:150,0
DA:151,0
DA:152,0
DA:153,0
DA:154,0
DA:155,0
DA:156,0
DA:157,0
DA:158,0
DA:159,0
DA:160,0
DA:161,0
DA:163,0
DA:164,0
DA:165,0
DA:166,0
DA:167,0
DA:171,0
DA:173,0
DA:174,0
DA:175,0
DA:179,12
DA:180,0
DA:181,0
DA:182,0
DA:183,0
DA:185,0
DA:187,0
DA:188,0
DA:189,0
DA:190,0
DA:191,0
DA:195,0
DA:197,0
DA:198,0
DA:199,0
DA:203,12
DA:204,0
DA:205,0
DA:206,0
DA:207,0
DA:208,0
DA:209,0
DA:210,0
DA:211,0
DA:213,0
DA:215,0
DA:216,0
DA:217,0
DA:218,0
DA:220,0
DA:222,0
DA:223,0
DA:225,0
DA:226,0
DA:227,0
DA:228,0
DA:232,1
DA:233,0
DA:234,0
DA:235,0
DA:236,0
DA:241,1
DA:242,0
DA:243,0
DA:244,0
DA:245,0
LF:154
LH:40
BRDA:24,1,0,0
BRDA:24,1,1,6
BRDA:27,2,0,0
BRDA:27,2,1,6
BRDA:51,3,0,1
BRDA:51,3,1,0
BRDA:63,4,0,0
BRDA:63,4,1,0
BRDA:96,5,0,0
BRDA:96,5,1,0
BRDA:99,6,0,0
BRDA:99,6,1,0
BRDA:122,7,0,0
BRDA:122,7,1,0
BRDA:125,8,0,0
BRDA:125,8,1,0
BRDA:163,9,0,0
BRDA:163,9,1,0
BRDA:166,10,0,0
BRDA:166,10,1,0
BRDA:187,11,0,0
BRDA:187,11,1,0
BRDA:190,12,0,0
BRDA:190,12,1,0
BRDA:235,13,0,0
BRDA:235,13,1,0
BRDA:244,14,0,0
BRDA:244,14,1,0
BRF:28
BRH:3
end_of_record
TN:
SF:/Users/chrisharrington/Code/IssueTracker/storage/storage.js
FN:5,(anonymous_1)
FN:6,(anonymous_2)
FN:8,(anonymous_3)
FN:12,(anonymous_4)
FN:23,(anonymous_5)
FN:24,(anonymous_6)
FN:26,(anonymous_7)
FN:30,(anonymous_8)
FNF:8
FNH:0
FNDA:0,(anonymous_1)
FNDA:0,(anonymous_2)
FNDA:0,(anonymous_3)
FNDA:0,(anonymous_4)
FNDA:0,(anonymous_5)
FNDA:0,(anonymous_6)
FNDA:0,(anonymous_7)
FNDA:0,(anonymous_8)
DA:1,1
DA:2,1
DA:3,1
DA:5,1
DA:6,0
DA:7,0
DA:8,0
DA:9,0
DA:10,0
DA:12,0
DA:13,0
DA:14,0
DA:16,0
DA:23,1
DA:24,0
DA:25,0
DA:26,0
DA:27,0
DA:28,0
DA:30,0
DA:31,0
DA:32,0
DA:33,0
LF:23
LH:5
BRDA:9,1,0,0
BRDA:9,1,1,0
BRDA:13,2,0,0
BRDA:13,2,1,0
BRDA:27,3,0,0
BRDA:27,3,1,0
BRDA:31,4,0,0
BRDA:31,4,1,0
BRF:8
BRH:0
end_of_record
TN:
SF:/Users/chrisharrington/Code/IssueTracker/email/notificationEmailer.js
FN:5,(anonymous_1)
FN:6,(anonymous_2)
FN:21,(anonymous_3)
FN:28,(anonymous_4)
FN:29,(anonymous_5)
FN:44,(anonymous_6)
FN:51,(anonymous_7)
FN:52,(anonymous_8)
FN:67,(anonymous_9)
FN:74,(anonymous_10)
FN:75,(anonymous_11)
FN:90,(anonymous_12)
FNF:12
FNH:0
FNDA:0,(anonymous_1)
FNDA:0,(anonymous_2)
FNDA:0,(anonymous_3)
FNDA:0,(anonymous_4)
FNDA:0,(anonymous_5)
FNDA:0,(anonymous_6)
FNDA:0,(anonymous_7)
FNDA:0,(anonymous_8)
FNDA:0,(anonymous_9)
FNDA:0,(anonymous_10)
FNDA:0,(anonymous_11)
FNDA:0,(anonymous_12)
DA:1,1
DA:2,1
DA:3,1
DA:5,1
DA:6,0
DA:7,0
DA:8,0
DA:9,0
DA:10,0
DA:11,0
DA:12,0
DA:13,0
DA:14,0
DA:16,0
DA:22,0
DA:23,0
DA:28,1
DA:29,0
DA:30,0
DA:31,0
DA:32,0
DA:33,0
DA:34,0
DA:35,0
DA:36,0
DA:37,0
DA:39,0
DA:45,0
DA:46,0
DA:51,1
DA:52,0
DA:53,0
DA:54,0
DA:55,0
DA:56,0
DA:57,0
DA:58,0
DA:59,0
DA:60,0
DA:62,0
DA:68,0
DA:69,0
DA:74,1
DA:75,0
DA:76,0
DA:77,0
DA:78,0
DA:79,0
DA:80,0
DA:81,0
DA:82,0
DA:83,0
DA:85,0
DA:91,0
DA:92,0
LF:55
LH:7
BRDA:10,1,0,0
BRDA:10,1,1,0
BRDA:22,2,0,0
BRDA:22,2,1,0
BRDA:33,3,0,0
BRDA:33,3,1,0
BRDA:45,4,0,0
BRDA:45,4,1,0
BRDA:56,5,0,0
BRDA:56,5,1,0
BRDA:68,6,0,0
BRDA:68,6,1,0
BRDA:79,7,0,0
BRDA:79,7,1,0
BRDA:91,8,0,0
BRDA:91,8,1,0
BRF:16
BRH:0
end_of_record
